<?xml version="1.0" encoding="UTF-8"?>
<testsuite name="s3HelperTest" tests="3" skipped="0" failures="0" errors="0" timestamp="2018-05-30T21:09:46" hostname="C02KX36QFFT1" time="6.253">
  <properties/>
  <testcase name="s3PersistFileTest" classname="s3HelperTest" time="4.412"/>
  <testcase name="testS3connection" classname="s3HelperTest" time="0.983"/>
  <testcase name="s3PersistFileStreamTest" classname="s3HelperTest" time="0.858"/>
  <system-out><![CDATA[SETTING UP...
14:09:48.305 [Test worker] DEBUG com.amazonaws.AmazonWebServiceClient - Internal logging successfully configured to commons logger: true
14:09:48.421 [Test worker] DEBUG com.amazonaws.metrics.AwsSdkMetrics - Admin mbean registered under com.amazonaws.management:type=AwsSdkMetrics
14:09:49.088 [Test worker] DEBUG com.amazonaws.services.s3.internal.Mimetypes - Loading mime types from file in the classpath: mime.types
14:09:49.089 [Test worker] DEBUG com.amazonaws.services.s3.internal.Mimetypes - Ignoring mimetype with no associated file extensions: 'application/activemessage'
14:09:49.089 [Test worker] DEBUG com.amazonaws.services.s3.internal.Mimetypes - Setting mime type for extension 'ez' to 'application/andrew-inset'
14:09:49.090 [Test worker] DEBUG com.amazonaws.services.s3.internal.Mimetypes - Ignoring mimetype with no associated file extensions: 'application/applefile'
14:09:49.090 [Test worker] DEBUG com.amazonaws.services.s3.internal.Mimetypes - Setting mime type for extension 'atom' to 'application/atom+xml'
14:09:49.090 [Test worker] DEBUG com.amazonaws.services.s3.internal.Mimetypes - Ignoring mimetype with no associated file extensions: 'application/atomicmail'
14:09:49.090 [Test worker] DEBUG com.amazonaws.services.s3.internal.Mimetypes - Ignoring mimetype with no associated file extensions: 'application/batch-smtp'
14:09:49.090 [Test worker] DEBUG com.amazonaws.services.s3.internal.Mimetypes - Ignoring mimetype with no associated file extensions: 'application/beep+xml'
14:09:49.090 [Test worker] DEBUG com.amazonaws.services.s3.internal.Mimetypes - Ignoring mimetype with no associated file extensions: 'application/cals-1840'
14:09:49.091 [Test worker] DEBUG com.amazonaws.services.s3.internal.Mimetypes - Ignoring mimetype with no associated file extensions: 'application/cnrp+xml'
14:09:49.091 [Test worker] DEBUG com.amazonaws.services.s3.internal.Mimetypes - Ignoring mimetype with no associated file extensions: 'application/commonground'
14:09:49.091 [Test worker] DEBUG com.amazonaws.services.s3.internal.Mimetypes - Ignoring mimetype with no associated file extensions: 'application/cpl+xml'
14:09:49.091 [Test worker] DEBUG com.amazonaws.services.s3.internal.Mimetypes - Ignoring mimetype with no associated file extensions: 'application/cybercash'
14:09:49.091 [Test worker] DEBUG com.amazonaws.services.s3.internal.Mimetypes - Ignoring mimetype with no associated file extensions: 'application/dca-rft'
14:09:49.091 [Test worker] DEBUG com.amazonaws.services.s3.internal.Mimetypes - Ignoring mimetype with no associated file extensions: 'application/dec-dx'
14:09:49.091 [Test worker] DEBUG com.amazonaws.services.s3.internal.Mimetypes - Ignoring mimetype with no associated file extensions: 'application/dvcs'
14:09:49.092 [Test worker] DEBUG com.amazonaws.services.s3.internal.Mimetypes - Ignoring mimetype with no associated file extensions: 'application/edi-consent'
14:09:49.092 [Test worker] DEBUG com.amazonaws.services.s3.internal.Mimetypes - Ignoring mimetype with no associated file extensions: 'application/edifact'
14:09:49.092 [Test worker] DEBUG com.amazonaws.services.s3.internal.Mimetypes - Ignoring mimetype with no associated file extensions: 'application/edi-x12'
14:09:49.092 [Test worker] DEBUG com.amazonaws.services.s3.internal.Mimetypes - Ignoring mimetype with no associated file extensions: 'application/eshop'
14:09:49.092 [Test worker] DEBUG com.amazonaws.services.s3.internal.Mimetypes - Ignoring mimetype with no associated file extensions: 'application/font-tdpfr'
14:09:49.092 [Test worker] DEBUG com.amazonaws.services.s3.internal.Mimetypes - Ignoring mimetype with no associated file extensions: 'application/http'
14:09:49.092 [Test worker] DEBUG com.amazonaws.services.s3.internal.Mimetypes - Ignoring mimetype with no associated file extensions: 'application/hyperstudio'
14:09:49.093 [Test worker] DEBUG com.amazonaws.services.s3.internal.Mimetypes - Ignoring mimetype with no associated file extensions: 'application/iges'
14:09:49.093 [Test worker] DEBUG com.amazonaws.services.s3.internal.Mimetypes - Ignoring mimetype with no associated file extensions: 'application/index'
14:09:49.093 [Test worker] DEBUG com.amazonaws.services.s3.internal.Mimetypes - Ignoring mimetype with no associated file extensions: 'application/index.cmd'
14:09:49.093 [Test worker] DEBUG com.amazonaws.services.s3.internal.Mimetypes - Ignoring mimetype with no associated file extensions: 'application/index.obj'
14:09:49.093 [Test worker] DEBUG com.amazonaws.services.s3.internal.Mimetypes - Ignoring mimetype with no associated file extensions: 'application/index.response'
14:09:49.093 [Test worker] DEBUG com.amazonaws.services.s3.internal.Mimetypes - Ignoring mimetype with no associated file extensions: 'application/index.vnd'
14:09:49.093 [Test worker] DEBUG com.amazonaws.services.s3.internal.Mimetypes - Ignoring mimetype with no associated file extensions: 'application/iotp'
14:09:49.094 [Test worker] DEBUG com.amazonaws.services.s3.internal.Mimetypes - Ignoring mimetype with no associated file extensions: 'application/ipp'
14:09:49.094 [Test worker] DEBUG com.amazonaws.services.s3.internal.Mimetypes - Ignoring mimetype with no associated file extensions: 'application/isup'
14:09:49.094 [Test worker] DEBUG com.amazonaws.services.s3.internal.Mimetypes - Setting mime type for extension 'hqx' to 'application/mac-binhex40'
14:09:49.094 [Test worker] DEBUG com.amazonaws.services.s3.internal.Mimetypes - Setting mime type for extension 'cpt' to 'application/mac-compactpro'
14:09:49.094 [Test worker] DEBUG com.amazonaws.services.s3.internal.Mimetypes - Ignoring mimetype with no associated file extensions: 'application/macwriteii'
14:09:49.094 [Test worker] DEBUG com.amazonaws.services.s3.internal.Mimetypes - Ignoring mimetype with no associated file extensions: 'application/marc'
14:09:49.095 [Test worker] DEBUG com.amazonaws.services.s3.internal.Mimetypes - Ignoring mimetype with no associated file extensions: 'application/mathematica'
14:09:49.095 [Test worker] DEBUG com.amazonaws.services.s3.internal.Mimetypes - Setting mime type for extension 'mathml' to 'application/mathml+xml'
14:09:49.095 [Test worker] DEBUG com.amazonaws.services.s3.internal.Mimetypes - Setting mime type for extension 'doc' to 'application/msword'
14:09:49.095 [Test worker] DEBUG com.amazonaws.services.s3.internal.Mimetypes - Ignoring mimetype with no associated file extensions: 'application/news-message-id'
14:09:49.095 [Test worker] DEBUG com.amazonaws.services.s3.internal.Mimetypes - Ignoring mimetype with no associated file extensions: 'application/news-transmission'
14:09:49.095 [Test worker] DEBUG com.amazonaws.services.s3.internal.Mimetypes - Ignoring mimetype with no associated file extensions: 'application/ocsp-request'
14:09:49.095 [Test worker] DEBUG com.amazonaws.services.s3.internal.Mimetypes - Ignoring mimetype with no associated file extensions: 'application/ocsp-response'
14:09:49.096 [Test worker] DEBUG com.amazonaws.services.s3.internal.Mimetypes - Setting mime type for extension 'bin' to 'application/octet-stream'
14:09:49.096 [Test worker] DEBUG com.amazonaws.services.s3.internal.Mimetypes - Setting mime type for extension 'dms' to 'application/octet-stream'
14:09:49.096 [Test worker] DEBUG com.amazonaws.services.s3.internal.Mimetypes - Setting mime type for extension 'lha' to 'application/octet-stream'
14:09:49.096 [Test worker] DEBUG com.amazonaws.services.s3.internal.Mimetypes - Setting mime type for extension 'lzh' to 'application/octet-stream'
14:09:49.096 [Test worker] DEBUG com.amazonaws.services.s3.internal.Mimetypes - Setting mime type for extension 'exe' to 'application/octet-stream'
14:09:49.097 [Test worker] DEBUG com.amazonaws.services.s3.internal.Mimetypes - Setting mime type for extension 'class' to 'application/octet-stream'
14:09:49.097 [Test worker] DEBUG com.amazonaws.services.s3.internal.Mimetypes - Setting mime type for extension 'so' to 'application/octet-stream'
14:09:49.097 [Test worker] DEBUG com.amazonaws.services.s3.internal.Mimetypes - Setting mime type for extension 'dll' to 'application/octet-stream'
14:09:49.097 [Test worker] DEBUG com.amazonaws.services.s3.internal.Mimetypes - Setting mime type for extension 'dmg' to 'application/octet-stream'
14:09:49.097 [Test worker] DEBUG com.amazonaws.services.s3.internal.Mimetypes - Setting mime type for extension 'oda' to 'application/oda'
14:09:49.097 [Test worker] DEBUG com.amazonaws.services.s3.internal.Mimetypes - Setting mime type for extension 'ogg' to 'application/ogg'
14:09:49.098 [Test worker] DEBUG com.amazonaws.services.s3.internal.Mimetypes - Ignoring mimetype with no associated file extensions: 'application/parityfec'
14:09:49.098 [Test worker] DEBUG com.amazonaws.services.s3.internal.Mimetypes - Setting mime type for extension 'pdf' to 'application/pdf'
14:09:49.098 [Test worker] DEBUG com.amazonaws.services.s3.internal.Mimetypes - Ignoring mimetype with no associated file extensions: 'application/pgp-encrypted'
14:09:49.098 [Test worker] DEBUG com.amazonaws.services.s3.internal.Mimetypes - Ignoring mimetype with no associated file extensions: 'application/pgp-keys'
14:09:49.098 [Test worker] DEBUG com.amazonaws.services.s3.internal.Mimetypes - Ignoring mimetype with no associated file extensions: 'application/pgp-signature'
14:09:49.098 [Test worker] DEBUG com.amazonaws.services.s3.internal.Mimetypes - Ignoring mimetype with no associated file extensions: 'application/pkcs10'
14:09:49.099 [Test worker] DEBUG com.amazonaws.services.s3.internal.Mimetypes - Ignoring mimetype with no associated file extensions: 'application/pkcs7-mime'
14:09:49.099 [Test worker] DEBUG com.amazonaws.services.s3.internal.Mimetypes - Ignoring mimetype with no associated file extensions: 'application/pkcs7-signature'
14:09:49.099 [Test worker] DEBUG com.amazonaws.services.s3.internal.Mimetypes - Ignoring mimetype with no associated file extensions: 'application/pkix-cert'
14:09:49.099 [Test worker] DEBUG com.amazonaws.services.s3.internal.Mimetypes - Ignoring mimetype with no associated file extensions: 'application/pkix-crl'
14:09:49.099 [Test worker] DEBUG com.amazonaws.services.s3.internal.Mimetypes - Ignoring mimetype with no associated file extensions: 'application/pkixcmp'
14:09:49.100 [Test worker] DEBUG com.amazonaws.services.s3.internal.Mimetypes - Setting mime type for extension 'ai' to 'application/postscript'
14:09:49.100 [Test worker] DEBUG com.amazonaws.services.s3.internal.Mimetypes - Setting mime type for extension 'eps' to 'application/postscript'
14:09:49.100 [Test worker] DEBUG com.amazonaws.services.s3.internal.Mimetypes - Setting mime type for extension 'ps' to 'application/postscript'
14:09:49.100 [Test worker] DEBUG com.amazonaws.services.s3.internal.Mimetypes - Ignoring mimetype with no associated file extensions: 'application/prs.alvestrand.titrax-sheet'
14:09:49.100 [Test worker] DEBUG com.amazonaws.services.s3.internal.Mimetypes - Ignoring mimetype with no associated file extensions: 'application/prs.cww'
14:09:49.100 [Test worker] DEBUG com.amazonaws.services.s3.internal.Mimetypes - Ignoring mimetype with no associated file extensions: 'application/prs.nprend'
14:09:49.101 [Test worker] DEBUG com.amazonaws.services.s3.internal.Mimetypes - Ignoring mimetype with no associated file extensions: 'application/prs.plucker'
14:09:49.101 [Test worker] DEBUG com.amazonaws.services.s3.internal.Mimetypes - Ignoring mimetype with no associated file extensions: 'application/qsig'
14:09:49.101 [Test worker] DEBUG com.amazonaws.services.s3.internal.Mimetypes - Setting mime type for extension 'rdf' to 'application/rdf+xml'
14:09:49.101 [Test worker] DEBUG com.amazonaws.services.s3.internal.Mimetypes - Ignoring mimetype with no associated file extensions: 'application/reginfo+xml'
14:09:49.101 [Test worker] DEBUG com.amazonaws.services.s3.internal.Mimetypes - Ignoring mimetype with no associated file extensions: 'application/remote-printing'
14:09:49.101 [Test worker] DEBUG com.amazonaws.services.s3.internal.Mimetypes - Ignoring mimetype with no associated file extensions: 'application/riscos'
14:09:49.101 [Test worker] DEBUG com.amazonaws.services.s3.internal.Mimetypes - Ignoring mimetype with no associated file extensions: 'application/rtf'
14:09:49.102 [Test worker] DEBUG com.amazonaws.services.s3.internal.Mimetypes - Ignoring mimetype with no associated file extensions: 'application/sdp'
14:09:49.102 [Test worker] DEBUG com.amazonaws.services.s3.internal.Mimetypes - Ignoring mimetype with no associated file extensions: 'application/set-payment'
14:09:49.102 [Test worker] DEBUG com.amazonaws.services.s3.internal.Mimetypes - Ignoring mimetype with no associated file extensions: 'application/set-payment-initiation'
14:09:49.102 [Test worker] DEBUG com.amazonaws.services.s3.internal.Mimetypes - Ignoring mimetype with no associated file extensions: 'application/set-registration'
14:09:49.102 [Test worker] DEBUG com.amazonaws.services.s3.internal.Mimetypes - Ignoring mimetype with no associated file extensions: 'application/set-registration-initiation'
14:09:49.102 [Test worker] DEBUG com.amazonaws.services.s3.internal.Mimetypes - Ignoring mimetype with no associated file extensions: 'application/sgml'
14:09:49.102 [Test worker] DEBUG com.amazonaws.services.s3.internal.Mimetypes - Ignoring mimetype with no associated file extensions: 'application/sgml-open-catalog'
14:09:49.102 [Test worker] DEBUG com.amazonaws.services.s3.internal.Mimetypes - Ignoring mimetype with no associated file extensions: 'application/sieve'
14:09:49.103 [Test worker] DEBUG com.amazonaws.services.s3.internal.Mimetypes - Ignoring mimetype with no associated file extensions: 'application/slate'
14:09:49.103 [Test worker] DEBUG com.amazonaws.services.s3.internal.Mimetypes - Setting mime type for extension 'smi' to 'application/smil'
14:09:49.103 [Test worker] DEBUG com.amazonaws.services.s3.internal.Mimetypes - Setting mime type for extension 'smil' to 'application/smil'
14:09:49.103 [Test worker] DEBUG com.amazonaws.services.s3.internal.Mimetypes - Setting mime type for extension 'gram' to 'application/srgs'
14:09:49.103 [Test worker] DEBUG com.amazonaws.services.s3.internal.Mimetypes - Setting mime type for extension 'grxml' to 'application/srgs+xml'
14:09:49.103 [Test worker] DEBUG com.amazonaws.services.s3.internal.Mimetypes - Ignoring mimetype with no associated file extensions: 'application/timestamp-query'
14:09:49.103 [Test worker] DEBUG com.amazonaws.services.s3.internal.Mimetypes - Ignoring mimetype with no associated file extensions: 'application/timestamp-reply'
14:09:49.104 [Test worker] DEBUG com.amazonaws.services.s3.internal.Mimetypes - Ignoring mimetype with no associated file extensions: 'application/tve-trigger'
14:09:49.104 [Test worker] DEBUG com.amazonaws.services.s3.internal.Mimetypes - Ignoring mimetype with no associated file extensions: 'application/vemmi'
14:09:49.104 [Test worker] DEBUG com.amazonaws.services.s3.internal.Mimetypes - Ignoring mimetype with no associated file extensions: 'application/vnd.3gpp.pic-bw-large'
14:09:49.104 [Test worker] DEBUG com.amazonaws.services.s3.internal.Mimetypes - Ignoring mimetype with no associated file extensions: 'application/vnd.3gpp.pic-bw-small'
14:09:49.104 [Test worker] DEBUG com.amazonaws.services.s3.internal.Mimetypes - Ignoring mimetype with no associated file extensions: 'application/vnd.3gpp.pic-bw-var'
14:09:49.104 [Test worker] DEBUG com.amazonaws.services.s3.internal.Mimetypes - Ignoring mimetype with no associated file extensions: 'application/vnd.3gpp.sms'
14:09:49.104 [Test worker] DEBUG com.amazonaws.services.s3.internal.Mimetypes - Ignoring mimetype with no associated file extensions: 'application/vnd.3m.post-it-notes'
14:09:49.104 [Test worker] DEBUG com.amazonaws.services.s3.internal.Mimetypes - Ignoring mimetype with no associated file extensions: 'application/vnd.accpac.simply.aso'
14:09:49.105 [Test worker] DEBUG com.amazonaws.services.s3.internal.Mimetypes - Ignoring mimetype with no associated file extensions: 'application/vnd.accpac.simply.imp'
14:09:49.105 [Test worker] DEBUG com.amazonaws.services.s3.internal.Mimetypes - Ignoring mimetype with no associated file extensions: 'application/vnd.acucobol'
14:09:49.105 [Test worker] DEBUG com.amazonaws.services.s3.internal.Mimetypes - Ignoring mimetype with no associated file extensions: 'application/vnd.acucorp'
14:09:49.105 [Test worker] DEBUG com.amazonaws.services.s3.internal.Mimetypes - Ignoring mimetype with no associated file extensions: 'application/vnd.adobe.xfdf'
14:09:49.105 [Test worker] DEBUG com.amazonaws.services.s3.internal.Mimetypes - Ignoring mimetype with no associated file extensions: 'application/vnd.aether.imp'
14:09:49.105 [Test worker] DEBUG com.amazonaws.services.s3.internal.Mimetypes - Ignoring mimetype with no associated file extensions: 'application/vnd.amiga.ami'
14:09:49.106 [Test worker] DEBUG com.amazonaws.services.s3.internal.Mimetypes - Ignoring mimetype with no associated file extensions: 'application/vnd.anser-web-certificate-issue-initiation'
14:09:49.106 [Test worker] DEBUG com.amazonaws.services.s3.internal.Mimetypes - Ignoring mimetype with no associated file extensions: 'application/vnd.anser-web-funds-transfer-initiation'
14:09:49.106 [Test worker] DEBUG com.amazonaws.services.s3.internal.Mimetypes - Ignoring mimetype with no associated file extensions: 'application/vnd.audiograph'
14:09:49.106 [Test worker] DEBUG com.amazonaws.services.s3.internal.Mimetypes - Ignoring mimetype with no associated file extensions: 'application/vnd.blueice.multipass'
14:09:49.106 [Test worker] DEBUG com.amazonaws.services.s3.internal.Mimetypes - Ignoring mimetype with no associated file extensions: 'application/vnd.bmi'
14:09:49.106 [Test worker] DEBUG com.amazonaws.services.s3.internal.Mimetypes - Ignoring mimetype with no associated file extensions: 'application/vnd.businessobjects'
14:09:49.106 [Test worker] DEBUG com.amazonaws.services.s3.internal.Mimetypes - Ignoring mimetype with no associated file extensions: 'application/vnd.canon-cpdl'
14:09:49.106 [Test worker] DEBUG com.amazonaws.services.s3.internal.Mimetypes - Ignoring mimetype with no associated file extensions: 'application/vnd.canon-lips'
14:09:49.107 [Test worker] DEBUG com.amazonaws.services.s3.internal.Mimetypes - Ignoring mimetype with no associated file extensions: 'application/vnd.cinderella'
14:09:49.107 [Test worker] DEBUG com.amazonaws.services.s3.internal.Mimetypes - Ignoring mimetype with no associated file extensions: 'application/vnd.claymore'
14:09:49.107 [Test worker] DEBUG com.amazonaws.services.s3.internal.Mimetypes - Ignoring mimetype with no associated file extensions: 'application/vnd.commerce-battelle'
14:09:49.107 [Test worker] DEBUG com.amazonaws.services.s3.internal.Mimetypes - Ignoring mimetype with no associated file extensions: 'application/vnd.commonspace'
14:09:49.107 [Test worker] DEBUG com.amazonaws.services.s3.internal.Mimetypes - Ignoring mimetype with no associated file extensions: 'application/vnd.contact.cmsg'
14:09:49.107 [Test worker] DEBUG com.amazonaws.services.s3.internal.Mimetypes - Ignoring mimetype with no associated file extensions: 'application/vnd.cosmocaller'
14:09:49.107 [Test worker] DEBUG com.amazonaws.services.s3.internal.Mimetypes - Ignoring mimetype with no associated file extensions: 'application/vnd.criticaltools.wbs+xml'
14:09:49.108 [Test worker] DEBUG com.amazonaws.services.s3.internal.Mimetypes - Ignoring mimetype with no associated file extensions: 'application/vnd.ctc-posml'
14:09:49.108 [Test worker] DEBUG com.amazonaws.services.s3.internal.Mimetypes - Ignoring mimetype with no associated file extensions: 'application/vnd.cups-postscript'
14:09:49.108 [Test worker] DEBUG com.amazonaws.services.s3.internal.Mimetypes - Ignoring mimetype with no associated file extensions: 'application/vnd.cups-raster'
14:09:49.108 [Test worker] DEBUG com.amazonaws.services.s3.internal.Mimetypes - Ignoring mimetype with no associated file extensions: 'application/vnd.cups-raw'
14:09:49.108 [Test worker] DEBUG com.amazonaws.services.s3.internal.Mimetypes - Ignoring mimetype with no associated file extensions: 'application/vnd.curl'
14:09:49.108 [Test worker] DEBUG com.amazonaws.services.s3.internal.Mimetypes - Ignoring mimetype with no associated file extensions: 'application/vnd.cybank'
14:09:49.108 [Test worker] DEBUG com.amazonaws.services.s3.internal.Mimetypes - Ignoring mimetype with no associated file extensions: 'application/vnd.data-vision.rdz'
14:09:49.109 [Test worker] DEBUG com.amazonaws.services.s3.internal.Mimetypes - Ignoring mimetype with no associated file extensions: 'application/vnd.dna'
14:09:49.109 [Test worker] DEBUG com.amazonaws.services.s3.internal.Mimetypes - Ignoring mimetype with no associated file extensions: 'application/vnd.dpgraph'
14:09:49.109 [Test worker] DEBUG com.amazonaws.services.s3.internal.Mimetypes - Ignoring mimetype with no associated file extensions: 'application/vnd.dreamfactory'
14:09:49.111 [Test worker] DEBUG com.amazonaws.services.s3.internal.Mimetypes - Ignoring mimetype with no associated file extensions: 'application/vnd.dxr'
14:09:49.111 [Test worker] DEBUG com.amazonaws.services.s3.internal.Mimetypes - Ignoring mimetype with no associated file extensions: 'application/vnd.ecdis-update'
14:09:49.112 [Test worker] DEBUG com.amazonaws.services.s3.internal.Mimetypes - Ignoring mimetype with no associated file extensions: 'application/vnd.ecowin.chart'
14:09:49.112 [Test worker] DEBUG com.amazonaws.services.s3.internal.Mimetypes - Ignoring mimetype with no associated file extensions: 'application/vnd.ecowin.filerequest'
14:09:49.112 [Test worker] DEBUG com.amazonaws.services.s3.internal.Mimetypes - Ignoring mimetype with no associated file extensions: 'application/vnd.ecowin.fileupdate'
14:09:49.112 [Test worker] DEBUG com.amazonaws.services.s3.internal.Mimetypes - Ignoring mimetype with no associated file extensions: 'application/vnd.ecowin.series'
14:09:49.112 [Test worker] DEBUG com.amazonaws.services.s3.internal.Mimetypes - Ignoring mimetype with no associated file extensions: 'application/vnd.ecowin.seriesrequest'
14:09:49.112 [Test worker] DEBUG com.amazonaws.services.s3.internal.Mimetypes - Ignoring mimetype with no associated file extensions: 'application/vnd.ecowin.seriesupdate'
14:09:49.112 [Test worker] DEBUG com.amazonaws.services.s3.internal.Mimetypes - Ignoring mimetype with no associated file extensions: 'application/vnd.enliven'
14:09:49.112 [Test worker] DEBUG com.amazonaws.services.s3.internal.Mimetypes - Ignoring mimetype with no associated file extensions: 'application/vnd.epson.esf'
14:09:49.113 [Test worker] DEBUG com.amazonaws.services.s3.internal.Mimetypes - Ignoring mimetype with no associated file extensions: 'application/vnd.epson.msf'
14:09:49.113 [Test worker] DEBUG com.amazonaws.services.s3.internal.Mimetypes - Ignoring mimetype with no associated file extensions: 'application/vnd.epson.quickanime'
14:09:49.113 [Test worker] DEBUG com.amazonaws.services.s3.internal.Mimetypes - Ignoring mimetype with no associated file extensions: 'application/vnd.epson.salt'
14:09:49.113 [Test worker] DEBUG com.amazonaws.services.s3.internal.Mimetypes - Ignoring mimetype with no associated file extensions: 'application/vnd.epson.ssf'
14:09:49.113 [Test worker] DEBUG com.amazonaws.services.s3.internal.Mimetypes - Ignoring mimetype with no associated file extensions: 'application/vnd.ericsson.quickcall'
14:09:49.113 [Test worker] DEBUG com.amazonaws.services.s3.internal.Mimetypes - Ignoring mimetype with no associated file extensions: 'application/vnd.eudora.data'
14:09:49.114 [Test worker] DEBUG com.amazonaws.services.s3.internal.Mimetypes - Ignoring mimetype with no associated file extensions: 'application/vnd.fdf'
14:09:49.114 [Test worker] DEBUG com.amazonaws.services.s3.internal.Mimetypes - Ignoring mimetype with no associated file extensions: 'application/vnd.ffsns'
14:09:49.114 [Test worker] DEBUG com.amazonaws.services.s3.internal.Mimetypes - Ignoring mimetype with no associated file extensions: 'application/vnd.fints'
14:09:49.114 [Test worker] DEBUG com.amazonaws.services.s3.internal.Mimetypes - Ignoring mimetype with no associated file extensions: 'application/vnd.flographit'
14:09:49.114 [Test worker] DEBUG com.amazonaws.services.s3.internal.Mimetypes - Ignoring mimetype with no associated file extensions: 'application/vnd.framemaker'
14:09:49.114 [Test worker] DEBUG com.amazonaws.services.s3.internal.Mimetypes - Ignoring mimetype with no associated file extensions: 'application/vnd.fsc.weblaunch'
14:09:49.114 [Test worker] DEBUG com.amazonaws.services.s3.internal.Mimetypes - Ignoring mimetype with no associated file extensions: 'application/vnd.fujitsu.oasys'
14:09:49.114 [Test worker] DEBUG com.amazonaws.services.s3.internal.Mimetypes - Ignoring mimetype with no associated file extensions: 'application/vnd.fujitsu.oasys2'
14:09:49.115 [Test worker] DEBUG com.amazonaws.services.s3.internal.Mimetypes - Ignoring mimetype with no associated file extensions: 'application/vnd.fujitsu.oasys3'
14:09:49.115 [Test worker] DEBUG com.amazonaws.services.s3.internal.Mimetypes - Ignoring mimetype with no associated file extensions: 'application/vnd.fujitsu.oasysgp'
14:09:49.115 [Test worker] DEBUG com.amazonaws.services.s3.internal.Mimetypes - Ignoring mimetype with no associated file extensions: 'application/vnd.fujitsu.oasysprs'
14:09:49.115 [Test worker] DEBUG com.amazonaws.services.s3.internal.Mimetypes - Ignoring mimetype with no associated file extensions: 'application/vnd.fujixerox.ddd'
14:09:49.115 [Test worker] DEBUG com.amazonaws.services.s3.internal.Mimetypes - Ignoring mimetype with no associated file extensions: 'application/vnd.fujixerox.docuworks'
14:09:49.115 [Test worker] DEBUG com.amazonaws.services.s3.internal.Mimetypes - Ignoring mimetype with no associated file extensions: 'application/vnd.fujixerox.docuworks.binder'
14:09:49.115 [Test worker] DEBUG com.amazonaws.services.s3.internal.Mimetypes - Ignoring mimetype with no associated file extensions: 'application/vnd.fut-misnet'
14:09:49.115 [Test worker] DEBUG com.amazonaws.services.s3.internal.Mimetypes - Ignoring mimetype with no associated file extensions: 'application/vnd.grafeq'
14:09:49.116 [Test worker] DEBUG com.amazonaws.services.s3.internal.Mimetypes - Ignoring mimetype with no associated file extensions: 'application/vnd.groove-account'
14:09:49.116 [Test worker] DEBUG com.amazonaws.services.s3.internal.Mimetypes - Ignoring mimetype with no associated file extensions: 'application/vnd.groove-help'
14:09:49.116 [Test worker] DEBUG com.amazonaws.services.s3.internal.Mimetypes - Ignoring mimetype with no associated file extensions: 'application/vnd.groove-identity-message'
14:09:49.116 [Test worker] DEBUG com.amazonaws.services.s3.internal.Mimetypes - Ignoring mimetype with no associated file extensions: 'application/vnd.groove-injector'
14:09:49.116 [Test worker] DEBUG com.amazonaws.services.s3.internal.Mimetypes - Ignoring mimetype with no associated file extensions: 'application/vnd.groove-tool-message'
14:09:49.116 [Test worker] DEBUG com.amazonaws.services.s3.internal.Mimetypes - Ignoring mimetype with no associated file extensions: 'application/vnd.groove-tool-template'
14:09:49.116 [Test worker] DEBUG com.amazonaws.services.s3.internal.Mimetypes - Ignoring mimetype with no associated file extensions: 'application/vnd.groove-vcard'
14:09:49.116 [Test worker] DEBUG com.amazonaws.services.s3.internal.Mimetypes - Ignoring mimetype with no associated file extensions: 'application/vnd.hbci'
14:09:49.116 [Test worker] DEBUG com.amazonaws.services.s3.internal.Mimetypes - Ignoring mimetype with no associated file extensions: 'application/vnd.hhe.lesson-player'
14:09:49.117 [Test worker] DEBUG com.amazonaws.services.s3.internal.Mimetypes - Ignoring mimetype with no associated file extensions: 'application/vnd.hp-hpgl'
14:09:49.117 [Test worker] DEBUG com.amazonaws.services.s3.internal.Mimetypes - Ignoring mimetype with no associated file extensions: 'application/vnd.hp-hpid'
14:09:49.117 [Test worker] DEBUG com.amazonaws.services.s3.internal.Mimetypes - Ignoring mimetype with no associated file extensions: 'application/vnd.hp-hps'
14:09:49.117 [Test worker] DEBUG com.amazonaws.services.s3.internal.Mimetypes - Ignoring mimetype with no associated file extensions: 'application/vnd.hp-pcl'
14:09:49.117 [Test worker] DEBUG com.amazonaws.services.s3.internal.Mimetypes - Ignoring mimetype with no associated file extensions: 'application/vnd.hp-pclxl'
14:09:49.117 [Test worker] DEBUG com.amazonaws.services.s3.internal.Mimetypes - Ignoring mimetype with no associated file extensions: 'application/vnd.httphone'
14:09:49.118 [Test worker] DEBUG com.amazonaws.services.s3.internal.Mimetypes - Ignoring mimetype with no associated file extensions: 'application/vnd.hzn-3d-crossword'
14:09:49.118 [Test worker] DEBUG com.amazonaws.services.s3.internal.Mimetypes - Ignoring mimetype with no associated file extensions: 'application/vnd.ibm.afplinedata'
14:09:49.118 [Test worker] DEBUG com.amazonaws.services.s3.internal.Mimetypes - Ignoring mimetype with no associated file extensions: 'application/vnd.ibm.electronic-media'
14:09:49.118 [Test worker] DEBUG com.amazonaws.services.s3.internal.Mimetypes - Ignoring mimetype with no associated file extensions: 'application/vnd.ibm.minipay'
14:09:49.118 [Test worker] DEBUG com.amazonaws.services.s3.internal.Mimetypes - Ignoring mimetype with no associated file extensions: 'application/vnd.ibm.modcap'
14:09:49.118 [Test worker] DEBUG com.amazonaws.services.s3.internal.Mimetypes - Ignoring mimetype with no associated file extensions: 'application/vnd.ibm.rights-management'
14:09:49.118 [Test worker] DEBUG com.amazonaws.services.s3.internal.Mimetypes - Ignoring mimetype with no associated file extensions: 'application/vnd.ibm.secure-container'
14:09:49.118 [Test worker] DEBUG com.amazonaws.services.s3.internal.Mimetypes - Ignoring mimetype with no associated file extensions: 'application/vnd.informix-visionary'
14:09:49.119 [Test worker] DEBUG com.amazonaws.services.s3.internal.Mimetypes - Ignoring mimetype with no associated file extensions: 'application/vnd.intercon.formnet'
14:09:49.119 [Test worker] DEBUG com.amazonaws.services.s3.internal.Mimetypes - Ignoring mimetype with no associated file extensions: 'application/vnd.intertrust.digibox'
14:09:49.119 [Test worker] DEBUG com.amazonaws.services.s3.internal.Mimetypes - Ignoring mimetype with no associated file extensions: 'application/vnd.intertrust.nncp'
14:09:49.119 [Test worker] DEBUG com.amazonaws.services.s3.internal.Mimetypes - Ignoring mimetype with no associated file extensions: 'application/vnd.intu.qbo'
14:09:49.119 [Test worker] DEBUG com.amazonaws.services.s3.internal.Mimetypes - Ignoring mimetype with no associated file extensions: 'application/vnd.intu.qfx'
14:09:49.119 [Test worker] DEBUG com.amazonaws.services.s3.internal.Mimetypes - Ignoring mimetype with no associated file extensions: 'application/vnd.irepository.package+xml'
14:09:49.119 [Test worker] DEBUG com.amazonaws.services.s3.internal.Mimetypes - Ignoring mimetype with no associated file extensions: 'application/vnd.is-xpr'
14:09:49.119 [Test worker] DEBUG com.amazonaws.services.s3.internal.Mimetypes - Ignoring mimetype with no associated file extensions: 'application/vnd.japannet-directory-service'
14:09:49.120 [Test worker] DEBUG com.amazonaws.services.s3.internal.Mimetypes - Ignoring mimetype with no associated file extensions: 'application/vnd.japannet-jpnstore-wakeup'
14:09:49.120 [Test worker] DEBUG com.amazonaws.services.s3.internal.Mimetypes - Ignoring mimetype with no associated file extensions: 'application/vnd.japannet-payment-wakeup'
14:09:49.120 [Test worker] DEBUG com.amazonaws.services.s3.internal.Mimetypes - Ignoring mimetype with no associated file extensions: 'application/vnd.japannet-registration'
14:09:49.120 [Test worker] DEBUG com.amazonaws.services.s3.internal.Mimetypes - Ignoring mimetype with no associated file extensions: 'application/vnd.japannet-registration-wakeup'
14:09:49.120 [Test worker] DEBUG com.amazonaws.services.s3.internal.Mimetypes - Ignoring mimetype with no associated file extensions: 'application/vnd.japannet-setstore-wakeup'
14:09:49.120 [Test worker] DEBUG com.amazonaws.services.s3.internal.Mimetypes - Ignoring mimetype with no associated file extensions: 'application/vnd.japannet-verification'
14:09:49.120 [Test worker] DEBUG com.amazonaws.services.s3.internal.Mimetypes - Ignoring mimetype with no associated file extensions: 'application/vnd.japannet-verification-wakeup'
14:09:49.120 [Test worker] DEBUG com.amazonaws.services.s3.internal.Mimetypes - Ignoring mimetype with no associated file extensions: 'application/vnd.jisp'
14:09:49.121 [Test worker] DEBUG com.amazonaws.services.s3.internal.Mimetypes - Ignoring mimetype with no associated file extensions: 'application/vnd.kde.karbon'
14:09:49.121 [Test worker] DEBUG com.amazonaws.services.s3.internal.Mimetypes - Ignoring mimetype with no associated file extensions: 'application/vnd.kde.kchart'
14:09:49.121 [Test worker] DEBUG com.amazonaws.services.s3.internal.Mimetypes - Ignoring mimetype with no associated file extensions: 'application/vnd.kde.kformula'
14:09:49.132 [Test worker] DEBUG com.amazonaws.services.s3.internal.Mimetypes - Ignoring mimetype with no associated file extensions: 'application/vnd.kde.kivio'
14:09:49.133 [Test worker] DEBUG com.amazonaws.services.s3.internal.Mimetypes - Ignoring mimetype with no associated file extensions: 'application/vnd.kde.kontour'
14:09:49.133 [Test worker] DEBUG com.amazonaws.services.s3.internal.Mimetypes - Ignoring mimetype with no associated file extensions: 'application/vnd.kde.kpresenter'
14:09:49.133 [Test worker] DEBUG com.amazonaws.services.s3.internal.Mimetypes - Ignoring mimetype with no associated file extensions: 'application/vnd.kde.kspread'
14:09:49.133 [Test worker] DEBUG com.amazonaws.services.s3.internal.Mimetypes - Ignoring mimetype with no associated file extensions: 'application/vnd.kde.kword'
14:09:49.134 [Test worker] DEBUG com.amazonaws.services.s3.internal.Mimetypes - Ignoring mimetype with no associated file extensions: 'application/vnd.kenameaapp'
14:09:49.134 [Test worker] DEBUG com.amazonaws.services.s3.internal.Mimetypes - Ignoring mimetype with no associated file extensions: 'application/vnd.koan'
14:09:49.134 [Test worker] DEBUG com.amazonaws.services.s3.internal.Mimetypes - Ignoring mimetype with no associated file extensions: 'application/vnd.liberty-request+xml'
14:09:49.134 [Test worker] DEBUG com.amazonaws.services.s3.internal.Mimetypes - Ignoring mimetype with no associated file extensions: 'application/vnd.llamagraphics.life-balance.desktop'
14:09:49.134 [Test worker] DEBUG com.amazonaws.services.s3.internal.Mimetypes - Ignoring mimetype with no associated file extensions: 'application/vnd.llamagraphics.life-balance.exchange+xml'
14:09:49.134 [Test worker] DEBUG com.amazonaws.services.s3.internal.Mimetypes - Ignoring mimetype with no associated file extensions: 'application/vnd.lotus-1-2-3'
14:09:49.134 [Test worker] DEBUG com.amazonaws.services.s3.internal.Mimetypes - Ignoring mimetype with no associated file extensions: 'application/vnd.lotus-approach'
14:09:49.134 [Test worker] DEBUG com.amazonaws.services.s3.internal.Mimetypes - Ignoring mimetype with no associated file extensions: 'application/vnd.lotus-freelance'
14:09:49.134 [Test worker] DEBUG com.amazonaws.services.s3.internal.Mimetypes - Ignoring mimetype with no associated file extensions: 'application/vnd.lotus-notes'
14:09:49.135 [Test worker] DEBUG com.amazonaws.services.s3.internal.Mimetypes - Ignoring mimetype with no associated file extensions: 'application/vnd.lotus-organizer'
14:09:49.135 [Test worker] DEBUG com.amazonaws.services.s3.internal.Mimetypes - Ignoring mimetype with no associated file extensions: 'application/vnd.lotus-screencam'
14:09:49.135 [Test worker] DEBUG com.amazonaws.services.s3.internal.Mimetypes - Ignoring mimetype with no associated file extensions: 'application/vnd.lotus-wordpro'
14:09:49.135 [Test worker] DEBUG com.amazonaws.services.s3.internal.Mimetypes - Ignoring mimetype with no associated file extensions: 'application/vnd.mcd'
14:09:49.135 [Test worker] DEBUG com.amazonaws.services.s3.internal.Mimetypes - Ignoring mimetype with no associated file extensions: 'application/vnd.mediastation.cdkey'
14:09:49.135 [Test worker] DEBUG com.amazonaws.services.s3.internal.Mimetypes - Ignoring mimetype with no associated file extensions: 'application/vnd.meridian-slingshot'
14:09:49.135 [Test worker] DEBUG com.amazonaws.services.s3.internal.Mimetypes - Ignoring mimetype with no associated file extensions: 'application/vnd.micrografx.flo'
14:09:49.135 [Test worker] DEBUG com.amazonaws.services.s3.internal.Mimetypes - Ignoring mimetype with no associated file extensions: 'application/vnd.micrografx.igx'
14:09:49.135 [Test worker] DEBUG com.amazonaws.services.s3.internal.Mimetypes - Setting mime type for extension 'mif' to 'application/vnd.mif'
14:09:49.137 [Test worker] DEBUG com.amazonaws.services.s3.internal.Mimetypes - Ignoring mimetype with no associated file extensions: 'application/vnd.minisoft-hp3000-save'
14:09:49.138 [Test worker] DEBUG com.amazonaws.services.s3.internal.Mimetypes - Ignoring mimetype with no associated file extensions: 'application/vnd.mitsubishi.misty-guard.trustweb'
14:09:49.140 [Test worker] DEBUG com.amazonaws.services.s3.internal.Mimetypes - Ignoring mimetype with no associated file extensions: 'application/vnd.mobius.daf'
14:09:49.142 [Test worker] DEBUG com.amazonaws.services.s3.internal.Mimetypes - Ignoring mimetype with no associated file extensions: 'application/vnd.mobius.dis'
14:09:49.144 [Test worker] DEBUG com.amazonaws.services.s3.internal.Mimetypes - Ignoring mimetype with no associated file extensions: 'application/vnd.mobius.mbk'
14:09:49.145 [Test worker] DEBUG com.amazonaws.services.s3.internal.Mimetypes - Ignoring mimetype with no associated file extensions: 'application/vnd.mobius.mqy'
14:09:49.145 [Test worker] DEBUG com.amazonaws.services.s3.internal.Mimetypes - Ignoring mimetype with no associated file extensions: 'application/vnd.mobius.msl'
14:09:49.145 [Test worker] DEBUG com.amazonaws.services.s3.internal.Mimetypes - Ignoring mimetype with no associated file extensions: 'application/vnd.mobius.plc'
14:09:49.145 [Test worker] DEBUG com.amazonaws.services.s3.internal.Mimetypes - Ignoring mimetype with no associated file extensions: 'application/vnd.mobius.txf'
14:09:49.145 [Test worker] DEBUG com.amazonaws.services.s3.internal.Mimetypes - Ignoring mimetype with no associated file extensions: 'application/vnd.mophun.application'
14:09:49.149 [Test worker] DEBUG com.amazonaws.services.s3.internal.Mimetypes - Ignoring mimetype with no associated file extensions: 'application/vnd.mophun.certificate'
14:09:49.150 [Test worker] DEBUG com.amazonaws.services.s3.internal.Mimetypes - Ignoring mimetype with no associated file extensions: 'application/vnd.motorola.flexsuite'
14:09:49.151 [Test worker] DEBUG com.amazonaws.services.s3.internal.Mimetypes - Ignoring mimetype with no associated file extensions: 'application/vnd.motorola.flexsuite.adsi'
14:09:49.152 [Test worker] DEBUG com.amazonaws.services.s3.internal.Mimetypes - Ignoring mimetype with no associated file extensions: 'application/vnd.motorola.flexsuite.fis'
14:09:49.152 [Test worker] DEBUG com.amazonaws.services.s3.internal.Mimetypes - Ignoring mimetype with no associated file extensions: 'application/vnd.motorola.flexsuite.gotap'
14:09:49.153 [Test worker] DEBUG com.amazonaws.services.s3.internal.Mimetypes - Ignoring mimetype with no associated file extensions: 'application/vnd.motorola.flexsuite.kmr'
14:09:49.153 [Test worker] DEBUG com.amazonaws.services.s3.internal.Mimetypes - Ignoring mimetype with no associated file extensions: 'application/vnd.motorola.flexsuite.ttc'
14:09:49.153 [Test worker] DEBUG com.amazonaws.services.s3.internal.Mimetypes - Ignoring mimetype with no associated file extensions: 'application/vnd.motorola.flexsuite.wem'
14:09:49.154 [Test worker] DEBUG com.amazonaws.services.s3.internal.Mimetypes - Setting mime type for extension 'xul' to 'application/vnd.mozilla.xul+xml'
14:09:49.154 [Test worker] DEBUG com.amazonaws.services.s3.internal.Mimetypes - Ignoring mimetype with no associated file extensions: 'application/vnd.ms-artgalry'
14:09:49.154 [Test worker] DEBUG com.amazonaws.services.s3.internal.Mimetypes - Ignoring mimetype with no associated file extensions: 'application/vnd.ms-asf'
14:09:49.154 [Test worker] DEBUG com.amazonaws.services.s3.internal.Mimetypes - Setting mime type for extension 'xls' to 'application/vnd.ms-excel'
14:09:49.155 [Test worker] DEBUG com.amazonaws.services.s3.internal.Mimetypes - Ignoring mimetype with no associated file extensions: 'application/vnd.ms-lrm'
14:09:49.155 [Test worker] DEBUG com.amazonaws.services.s3.internal.Mimetypes - Setting mime type for extension 'ppt' to 'application/vnd.ms-powerpoint'
14:09:49.155 [Test worker] DEBUG com.amazonaws.services.s3.internal.Mimetypes - Ignoring mimetype with no associated file extensions: 'application/vnd.ms-project'
14:09:49.155 [Test worker] DEBUG com.amazonaws.services.s3.internal.Mimetypes - Ignoring mimetype with no associated file extensions: 'application/vnd.ms-tnef'
14:09:49.155 [Test worker] DEBUG com.amazonaws.services.s3.internal.Mimetypes - Ignoring mimetype with no associated file extensions: 'application/vnd.ms-works'
14:09:49.155 [Test worker] DEBUG com.amazonaws.services.s3.internal.Mimetypes - Ignoring mimetype with no associated file extensions: 'application/vnd.ms-wpl'
14:09:49.155 [Test worker] DEBUG com.amazonaws.services.s3.internal.Mimetypes - Ignoring mimetype with no associated file extensions: 'application/vnd.mseq'
14:09:49.156 [Test worker] DEBUG com.amazonaws.services.s3.internal.Mimetypes - Ignoring mimetype with no associated file extensions: 'application/vnd.msign'
14:09:49.156 [Test worker] DEBUG com.amazonaws.services.s3.internal.Mimetypes - Ignoring mimetype with no associated file extensions: 'application/vnd.music-niff'
14:09:49.156 [Test worker] DEBUG com.amazonaws.services.s3.internal.Mimetypes - Ignoring mimetype with no associated file extensions: 'application/vnd.musician'
14:09:49.156 [Test worker] DEBUG com.amazonaws.services.s3.internal.Mimetypes - Ignoring mimetype with no associated file extensions: 'application/vnd.netfpx'
14:09:49.156 [Test worker] DEBUG com.amazonaws.services.s3.internal.Mimetypes - Ignoring mimetype with no associated file extensions: 'application/vnd.noblenet-directory'
14:09:49.156 [Test worker] DEBUG com.amazonaws.services.s3.internal.Mimetypes - Ignoring mimetype with no associated file extensions: 'application/vnd.noblenet-sealer'
14:09:49.156 [Test worker] DEBUG com.amazonaws.services.s3.internal.Mimetypes - Ignoring mimetype with no associated file extensions: 'application/vnd.noblenet-web'
14:09:49.157 [Test worker] DEBUG com.amazonaws.services.s3.internal.Mimetypes - Ignoring mimetype with no associated file extensions: 'application/vnd.novadigm.edm'
14:09:49.157 [Test worker] DEBUG com.amazonaws.services.s3.internal.Mimetypes - Ignoring mimetype with no associated file extensions: 'application/vnd.novadigm.edx'
14:09:49.157 [Test worker] DEBUG com.amazonaws.services.s3.internal.Mimetypes - Ignoring mimetype with no associated file extensions: 'application/vnd.novadigm.ext'
14:09:49.157 [Test worker] DEBUG com.amazonaws.services.s3.internal.Mimetypes - Ignoring mimetype with no associated file extensions: 'application/vnd.obn'
14:09:49.157 [Test worker] DEBUG com.amazonaws.services.s3.internal.Mimetypes - Ignoring mimetype with no associated file extensions: 'application/vnd.osa.netdeploy'
14:09:49.157 [Test worker] DEBUG com.amazonaws.services.s3.internal.Mimetypes - Ignoring mimetype with no associated file extensions: 'application/vnd.palm'
14:09:49.157 [Test worker] DEBUG com.amazonaws.services.s3.internal.Mimetypes - Ignoring mimetype with no associated file extensions: 'application/vnd.pg.format'
14:09:49.158 [Test worker] DEBUG com.amazonaws.services.s3.internal.Mimetypes - Ignoring mimetype with no associated file extensions: 'application/vnd.pg.osasli'
14:09:49.158 [Test worker] DEBUG com.amazonaws.services.s3.internal.Mimetypes - Ignoring mimetype with no associated file extensions: 'application/vnd.powerbuilder6'
14:09:49.158 [Test worker] DEBUG com.amazonaws.services.s3.internal.Mimetypes - Ignoring mimetype with no associated file extensions: 'application/vnd.powerbuilder6-s'
14:09:49.158 [Test worker] DEBUG com.amazonaws.services.s3.internal.Mimetypes - Ignoring mimetype with no associated file extensions: 'application/vnd.powerbuilder7'
14:09:49.158 [Test worker] DEBUG com.amazonaws.services.s3.internal.Mimetypes - Ignoring mimetype with no associated file extensions: 'application/vnd.powerbuilder7-s'
14:09:49.158 [Test worker] DEBUG com.amazonaws.services.s3.internal.Mimetypes - Ignoring mimetype with no associated file extensions: 'application/vnd.powerbuilder75'
14:09:49.158 [Test worker] DEBUG com.amazonaws.services.s3.internal.Mimetypes - Ignoring mimetype with no associated file extensions: 'application/vnd.powerbuilder75-s'
14:09:49.158 [Test worker] DEBUG com.amazonaws.services.s3.internal.Mimetypes - Ignoring mimetype with no associated file extensions: 'application/vnd.previewsystems.box'
14:09:49.158 [Test worker] DEBUG com.amazonaws.services.s3.internal.Mimetypes - Ignoring mimetype with no associated file extensions: 'application/vnd.publishare-delta-tree'
14:09:49.159 [Test worker] DEBUG com.amazonaws.services.s3.internal.Mimetypes - Ignoring mimetype with no associated file extensions: 'application/vnd.pvi.ptid1'
14:09:49.159 [Test worker] DEBUG com.amazonaws.services.s3.internal.Mimetypes - Ignoring mimetype with no associated file extensions: 'application/vnd.pwg-multiplexed'
14:09:49.160 [Test worker] DEBUG com.amazonaws.services.s3.internal.Mimetypes - Ignoring mimetype with no associated file extensions: 'application/vnd.pwg-xhtml-print+xml'
14:09:49.160 [Test worker] DEBUG com.amazonaws.services.s3.internal.Mimetypes - Ignoring mimetype with no associated file extensions: 'application/vnd.quark.quarkxpress'
14:09:49.161 [Test worker] DEBUG com.amazonaws.services.s3.internal.Mimetypes - Ignoring mimetype with no associated file extensions: 'application/vnd.rapid'
14:09:49.161 [Test worker] DEBUG com.amazonaws.services.s3.internal.Mimetypes - Setting mime type for extension 'rm' to 'application/vnd.rn-realmedia'
14:09:49.161 [Test worker] DEBUG com.amazonaws.services.s3.internal.Mimetypes - Ignoring mimetype with no associated file extensions: 'application/vnd.s3sms'
14:09:49.161 [Test worker] DEBUG com.amazonaws.services.s3.internal.Mimetypes - Ignoring mimetype with no associated file extensions: 'application/vnd.sealed.net'
14:09:49.161 [Test worker] DEBUG com.amazonaws.services.s3.internal.Mimetypes - Ignoring mimetype with no associated file extensions: 'application/vnd.seemail'
14:09:49.161 [Test worker] DEBUG com.amazonaws.services.s3.internal.Mimetypes - Ignoring mimetype with no associated file extensions: 'application/vnd.shana.informed.formdata'
14:09:49.162 [Test worker] DEBUG com.amazonaws.services.s3.internal.Mimetypes - Ignoring mimetype with no associated file extensions: 'application/vnd.shana.informed.formtemplate'
14:09:49.162 [Test worker] DEBUG com.amazonaws.services.s3.internal.Mimetypes - Ignoring mimetype with no associated file extensions: 'application/vnd.shana.informed.interchange'
14:09:49.162 [Test worker] DEBUG com.amazonaws.services.s3.internal.Mimetypes - Ignoring mimetype with no associated file extensions: 'application/vnd.shana.informed.package'
14:09:49.162 [Test worker] DEBUG com.amazonaws.services.s3.internal.Mimetypes - Ignoring mimetype with no associated file extensions: 'application/vnd.smaf'
14:09:49.162 [Test worker] DEBUG com.amazonaws.services.s3.internal.Mimetypes - Ignoring mimetype with no associated file extensions: 'application/vnd.sss-cod'
14:09:49.162 [Test worker] DEBUG com.amazonaws.services.s3.internal.Mimetypes - Ignoring mimetype with no associated file extensions: 'application/vnd.sss-dtf'
14:09:49.162 [Test worker] DEBUG com.amazonaws.services.s3.internal.Mimetypes - Ignoring mimetype with no associated file extensions: 'application/vnd.sss-ntf'
14:09:49.162 [Test worker] DEBUG com.amazonaws.services.s3.internal.Mimetypes - Ignoring mimetype with no associated file extensions: 'application/vnd.street-stream'
14:09:49.162 [Test worker] DEBUG com.amazonaws.services.s3.internal.Mimetypes - Ignoring mimetype with no associated file extensions: 'application/vnd.svd'
14:09:49.163 [Test worker] DEBUG com.amazonaws.services.s3.internal.Mimetypes - Ignoring mimetype with no associated file extensions: 'application/vnd.swiftview-ics'
14:09:49.163 [Test worker] DEBUG com.amazonaws.services.s3.internal.Mimetypes - Ignoring mimetype with no associated file extensions: 'application/vnd.triscape.mxs'
14:09:49.163 [Test worker] DEBUG com.amazonaws.services.s3.internal.Mimetypes - Ignoring mimetype with no associated file extensions: 'application/vnd.trueapp'
14:09:49.163 [Test worker] DEBUG com.amazonaws.services.s3.internal.Mimetypes - Ignoring mimetype with no associated file extensions: 'application/vnd.truedoc'
14:09:49.163 [Test worker] DEBUG com.amazonaws.services.s3.internal.Mimetypes - Ignoring mimetype with no associated file extensions: 'application/vnd.ufdl'
14:09:49.163 [Test worker] DEBUG com.amazonaws.services.s3.internal.Mimetypes - Ignoring mimetype with no associated file extensions: 'application/vnd.uplanet.alert'
14:09:49.163 [Test worker] DEBUG com.amazonaws.services.s3.internal.Mimetypes - Ignoring mimetype with no associated file extensions: 'application/vnd.uplanet.alert-wbxml'
14:09:49.163 [Test worker] DEBUG com.amazonaws.services.s3.internal.Mimetypes - Ignoring mimetype with no associated file extensions: 'application/vnd.uplanet.bearer-choice'
14:09:49.163 [Test worker] DEBUG com.amazonaws.services.s3.internal.Mimetypes - Ignoring mimetype with no associated file extensions: 'application/vnd.uplanet.bearer-choice-wbxml'
14:09:49.164 [Test worker] DEBUG com.amazonaws.services.s3.internal.Mimetypes - Ignoring mimetype with no associated file extensions: 'application/vnd.uplanet.cacheop'
14:09:49.164 [Test worker] DEBUG com.amazonaws.services.s3.internal.Mimetypes - Ignoring mimetype with no associated file extensions: 'application/vnd.uplanet.cacheop-wbxml'
14:09:49.164 [Test worker] DEBUG com.amazonaws.services.s3.internal.Mimetypes - Ignoring mimetype with no associated file extensions: 'application/vnd.uplanet.channel'
14:09:49.164 [Test worker] DEBUG com.amazonaws.services.s3.internal.Mimetypes - Ignoring mimetype with no associated file extensions: 'application/vnd.uplanet.channel-wbxml'
14:09:49.164 [Test worker] DEBUG com.amazonaws.services.s3.internal.Mimetypes - Ignoring mimetype with no associated file extensions: 'application/vnd.uplanet.list'
14:09:49.164 [Test worker] DEBUG com.amazonaws.services.s3.internal.Mimetypes - Ignoring mimetype with no associated file extensions: 'application/vnd.uplanet.list-wbxml'
14:09:49.164 [Test worker] DEBUG com.amazonaws.services.s3.internal.Mimetypes - Ignoring mimetype with no associated file extensions: 'application/vnd.uplanet.listcmd'
14:09:49.164 [Test worker] DEBUG com.amazonaws.services.s3.internal.Mimetypes - Ignoring mimetype with no associated file extensions: 'application/vnd.uplanet.listcmd-wbxml'
14:09:49.164 [Test worker] DEBUG com.amazonaws.services.s3.internal.Mimetypes - Ignoring mimetype with no associated file extensions: 'application/vnd.uplanet.signal'
14:09:49.164 [Test worker] DEBUG com.amazonaws.services.s3.internal.Mimetypes - Ignoring mimetype with no associated file extensions: 'application/vnd.vcx'
14:09:49.165 [Test worker] DEBUG com.amazonaws.services.s3.internal.Mimetypes - Ignoring mimetype with no associated file extensions: 'application/vnd.vectorworks'
14:09:49.165 [Test worker] DEBUG com.amazonaws.services.s3.internal.Mimetypes - Ignoring mimetype with no associated file extensions: 'application/vnd.vidsoft.vidconference'
14:09:49.165 [Test worker] DEBUG com.amazonaws.services.s3.internal.Mimetypes - Ignoring mimetype with no associated file extensions: 'application/vnd.visio'
14:09:49.165 [Test worker] DEBUG com.amazonaws.services.s3.internal.Mimetypes - Ignoring mimetype with no associated file extensions: 'application/vnd.visionary'
14:09:49.165 [Test worker] DEBUG com.amazonaws.services.s3.internal.Mimetypes - Ignoring mimetype with no associated file extensions: 'application/vnd.vividence.scriptfile'
14:09:49.165 [Test worker] DEBUG com.amazonaws.services.s3.internal.Mimetypes - Ignoring mimetype with no associated file extensions: 'application/vnd.vsf'
14:09:49.165 [Test worker] DEBUG com.amazonaws.services.s3.internal.Mimetypes - Ignoring mimetype with no associated file extensions: 'application/vnd.wap.sic'
14:09:49.165 [Test worker] DEBUG com.amazonaws.services.s3.internal.Mimetypes - Ignoring mimetype with no associated file extensions: 'application/vnd.wap.slc'
14:09:49.165 [Test worker] DEBUG com.amazonaws.services.s3.internal.Mimetypes - Setting mime type for extension 'wbxml' to 'application/vnd.wap.wbxml'
14:09:49.166 [Test worker] DEBUG com.amazonaws.services.s3.internal.Mimetypes - Setting mime type for extension 'wmlc' to 'application/vnd.wap.wmlc'
14:09:49.166 [Test worker] DEBUG com.amazonaws.services.s3.internal.Mimetypes - Setting mime type for extension 'wmlsc' to 'application/vnd.wap.wmlscriptc'
14:09:49.166 [Test worker] DEBUG com.amazonaws.services.s3.internal.Mimetypes - Ignoring mimetype with no associated file extensions: 'application/vnd.webturbo'
14:09:49.166 [Test worker] DEBUG com.amazonaws.services.s3.internal.Mimetypes - Ignoring mimetype with no associated file extensions: 'application/vnd.wrq-hp3000-labelled'
14:09:49.166 [Test worker] DEBUG com.amazonaws.services.s3.internal.Mimetypes - Ignoring mimetype with no associated file extensions: 'application/vnd.wt.stf'
14:09:49.166 [Test worker] DEBUG com.amazonaws.services.s3.internal.Mimetypes - Ignoring mimetype with no associated file extensions: 'application/vnd.wv.csp+wbxml'
14:09:49.166 [Test worker] DEBUG com.amazonaws.services.s3.internal.Mimetypes - Ignoring mimetype with no associated file extensions: 'application/vnd.xara'
14:09:49.167 [Test worker] DEBUG com.amazonaws.services.s3.internal.Mimetypes - Ignoring mimetype with no associated file extensions: 'application/vnd.xfdl'
14:09:49.167 [Test worker] DEBUG com.amazonaws.services.s3.internal.Mimetypes - Ignoring mimetype with no associated file extensions: 'application/vnd.yamaha.hv-dic'
14:09:49.167 [Test worker] DEBUG com.amazonaws.services.s3.internal.Mimetypes - Ignoring mimetype with no associated file extensions: 'application/vnd.yamaha.hv-script'
14:09:49.167 [Test worker] DEBUG com.amazonaws.services.s3.internal.Mimetypes - Ignoring mimetype with no associated file extensions: 'application/vnd.yamaha.hv-voice'
14:09:49.167 [Test worker] DEBUG com.amazonaws.services.s3.internal.Mimetypes - Ignoring mimetype with no associated file extensions: 'application/vnd.yellowriver-custom-menu'
14:09:49.167 [Test worker] DEBUG com.amazonaws.services.s3.internal.Mimetypes - Setting mime type for extension 'vxml' to 'application/voicexml+xml'
14:09:49.167 [Test worker] DEBUG com.amazonaws.services.s3.internal.Mimetypes - Ignoring mimetype with no associated file extensions: 'application/watcherinfo+xml'
14:09:49.167 [Test worker] DEBUG com.amazonaws.services.s3.internal.Mimetypes - Ignoring mimetype with no associated file extensions: 'application/whoispp-query'
14:09:49.167 [Test worker] DEBUG com.amazonaws.services.s3.internal.Mimetypes - Ignoring mimetype with no associated file extensions: 'application/whoispp-response'
14:09:49.168 [Test worker] DEBUG com.amazonaws.services.s3.internal.Mimetypes - Ignoring mimetype with no associated file extensions: 'application/wita'
14:09:49.168 [Test worker] DEBUG com.amazonaws.services.s3.internal.Mimetypes - Ignoring mimetype with no associated file extensions: 'application/wordperfect5.1'
14:09:49.168 [Test worker] DEBUG com.amazonaws.services.s3.internal.Mimetypes - Setting mime type for extension 'bcpio' to 'application/x-bcpio'
14:09:49.168 [Test worker] DEBUG com.amazonaws.services.s3.internal.Mimetypes - Setting mime type for extension 'vcd' to 'application/x-cdlink'
14:09:49.168 [Test worker] DEBUG com.amazonaws.services.s3.internal.Mimetypes - Setting mime type for extension 'pgn' to 'application/x-chess-pgn'
14:09:49.168 [Test worker] DEBUG com.amazonaws.services.s3.internal.Mimetypes - Ignoring mimetype with no associated file extensions: 'application/x-compress'
14:09:49.168 [Test worker] DEBUG com.amazonaws.services.s3.internal.Mimetypes - Setting mime type for extension 'cpio' to 'application/x-cpio'
14:09:49.168 [Test worker] DEBUG com.amazonaws.services.s3.internal.Mimetypes - Setting mime type for extension 'csh' to 'application/x-csh'
14:09:49.169 [Test worker] DEBUG com.amazonaws.services.s3.internal.Mimetypes - Setting mime type for extension 'dcr' to 'application/x-director'
14:09:49.169 [Test worker] DEBUG com.amazonaws.services.s3.internal.Mimetypes - Setting mime type for extension 'dir' to 'application/x-director'
14:09:49.169 [Test worker] DEBUG com.amazonaws.services.s3.internal.Mimetypes - Setting mime type for extension 'dxr' to 'application/x-director'
14:09:49.169 [Test worker] DEBUG com.amazonaws.services.s3.internal.Mimetypes - Setting mime type for extension 'dvi' to 'application/x-dvi'
14:09:49.169 [Test worker] DEBUG com.amazonaws.services.s3.internal.Mimetypes - Setting mime type for extension 'spl' to 'application/x-futuresplash'
14:09:49.169 [Test worker] DEBUG com.amazonaws.services.s3.internal.Mimetypes - Setting mime type for extension 'gtar' to 'application/x-gtar'
14:09:49.169 [Test worker] DEBUG com.amazonaws.services.s3.internal.Mimetypes - Setting mime type for extension 'gz' to 'application/x-gzip'
14:09:49.169 [Test worker] DEBUG com.amazonaws.services.s3.internal.Mimetypes - Setting mime type for extension 'hdf' to 'application/x-hdf'
14:09:49.170 [Test worker] DEBUG com.amazonaws.services.s3.internal.Mimetypes - Setting mime type for extension 'js' to 'application/x-javascript'
14:09:49.170 [Test worker] DEBUG com.amazonaws.services.s3.internal.Mimetypes - Setting mime type for extension 'jnlp' to 'application/x-java-jnlp-file'
14:09:49.170 [Test worker] DEBUG com.amazonaws.services.s3.internal.Mimetypes - Setting mime type for extension 'skp' to 'application/x-koan'
14:09:49.170 [Test worker] DEBUG com.amazonaws.services.s3.internal.Mimetypes - Setting mime type for extension 'skd' to 'application/x-koan'
14:09:49.170 [Test worker] DEBUG com.amazonaws.services.s3.internal.Mimetypes - Setting mime type for extension 'skt' to 'application/x-koan'
14:09:49.170 [Test worker] DEBUG com.amazonaws.services.s3.internal.Mimetypes - Setting mime type for extension 'skm' to 'application/x-koan'
14:09:49.170 [Test worker] DEBUG com.amazonaws.services.s3.internal.Mimetypes - Setting mime type for extension 'latex' to 'application/x-latex'
14:09:49.170 [Test worker] DEBUG com.amazonaws.services.s3.internal.Mimetypes - Setting mime type for extension 'nc' to 'application/x-netcdf'
14:09:49.171 [Test worker] DEBUG com.amazonaws.services.s3.internal.Mimetypes - Setting mime type for extension 'cdf' to 'application/x-netcdf'
14:09:49.171 [Test worker] DEBUG com.amazonaws.services.s3.internal.Mimetypes - Setting mime type for extension 'sh' to 'application/x-sh'
14:09:49.171 [Test worker] DEBUG com.amazonaws.services.s3.internal.Mimetypes - Setting mime type for extension 'shar' to 'application/x-shar'
14:09:49.171 [Test worker] DEBUG com.amazonaws.services.s3.internal.Mimetypes - Setting mime type for extension 'swf' to 'application/x-shockwave-flash'
14:09:49.171 [Test worker] DEBUG com.amazonaws.services.s3.internal.Mimetypes - Setting mime type for extension 'sit' to 'application/x-stuffit'
14:09:49.171 [Test worker] DEBUG com.amazonaws.services.s3.internal.Mimetypes - Setting mime type for extension 'sv4cpio' to 'application/x-sv4cpio'
14:09:49.171 [Test worker] DEBUG com.amazonaws.services.s3.internal.Mimetypes - Setting mime type for extension 'sv4crc' to 'application/x-sv4crc'
14:09:49.171 [Test worker] DEBUG com.amazonaws.services.s3.internal.Mimetypes - Setting mime type for extension 'tar' to 'application/x-tar'
14:09:49.171 [Test worker] DEBUG com.amazonaws.services.s3.internal.Mimetypes - Setting mime type for extension 'tcl' to 'application/x-tcl'
14:09:49.171 [Test worker] DEBUG com.amazonaws.services.s3.internal.Mimetypes - Setting mime type for extension 'tex' to 'application/x-tex'
14:09:49.172 [Test worker] DEBUG com.amazonaws.services.s3.internal.Mimetypes - Setting mime type for extension 'texinfo' to 'application/x-texinfo'
14:09:49.172 [Test worker] DEBUG com.amazonaws.services.s3.internal.Mimetypes - Setting mime type for extension 'texi' to 'application/x-texinfo'
14:09:49.172 [Test worker] DEBUG com.amazonaws.services.s3.internal.Mimetypes - Setting mime type for extension 't' to 'application/x-troff'
14:09:49.172 [Test worker] DEBUG com.amazonaws.services.s3.internal.Mimetypes - Setting mime type for extension 'tr' to 'application/x-troff'
14:09:49.173 [Test worker] DEBUG com.amazonaws.services.s3.internal.Mimetypes - Setting mime type for extension 'roff' to 'application/x-troff'
14:09:49.173 [Test worker] DEBUG com.amazonaws.services.s3.internal.Mimetypes - Setting mime type for extension 'man' to 'application/x-troff-man'
14:09:49.173 [Test worker] DEBUG com.amazonaws.services.s3.internal.Mimetypes - Setting mime type for extension 'me' to 'application/x-troff-me'
14:09:49.173 [Test worker] DEBUG com.amazonaws.services.s3.internal.Mimetypes - Setting mime type for extension 'ms' to 'application/x-troff-ms'
14:09:49.173 [Test worker] DEBUG com.amazonaws.services.s3.internal.Mimetypes - Setting mime type for extension 'ustar' to 'application/x-ustar'
14:09:49.173 [Test worker] DEBUG com.amazonaws.services.s3.internal.Mimetypes - Setting mime type for extension 'src' to 'application/x-wais-source'
14:09:49.178 [Test worker] DEBUG com.amazonaws.services.s3.internal.Mimetypes - Ignoring mimetype with no associated file extensions: 'application/x400-bp'
14:09:49.179 [Test worker] DEBUG com.amazonaws.services.s3.internal.Mimetypes - Setting mime type for extension 'xhtml' to 'application/xhtml+xml'
14:09:49.179 [Test worker] DEBUG com.amazonaws.services.s3.internal.Mimetypes - Setting mime type for extension 'xht' to 'application/xhtml+xml'
14:09:49.179 [Test worker] DEBUG com.amazonaws.services.s3.internal.Mimetypes - Setting mime type for extension 'xslt' to 'application/xslt+xml'
14:09:49.179 [Test worker] DEBUG com.amazonaws.services.s3.internal.Mimetypes - Setting mime type for extension 'xml' to 'application/xml'
14:09:49.179 [Test worker] DEBUG com.amazonaws.services.s3.internal.Mimetypes - Setting mime type for extension 'xsl' to 'application/xml'
14:09:49.179 [Test worker] DEBUG com.amazonaws.services.s3.internal.Mimetypes - Setting mime type for extension 'dtd' to 'application/xml-dtd'
14:09:49.179 [Test worker] DEBUG com.amazonaws.services.s3.internal.Mimetypes - Ignoring mimetype with no associated file extensions: 'application/xml-external-parsed-entity'
14:09:49.180 [Test worker] DEBUG com.amazonaws.services.s3.internal.Mimetypes - Setting mime type for extension 'zip' to 'application/zip'
14:09:49.180 [Test worker] DEBUG com.amazonaws.services.s3.internal.Mimetypes - Ignoring mimetype with no associated file extensions: 'audio/32kadpcm'
14:09:49.180 [Test worker] DEBUG com.amazonaws.services.s3.internal.Mimetypes - Ignoring mimetype with no associated file extensions: 'audio/amr'
14:09:49.180 [Test worker] DEBUG com.amazonaws.services.s3.internal.Mimetypes - Ignoring mimetype with no associated file extensions: 'audio/amr-wb'
14:09:49.180 [Test worker] DEBUG com.amazonaws.services.s3.internal.Mimetypes - Setting mime type for extension 'au' to 'audio/basic'
14:09:49.180 [Test worker] DEBUG com.amazonaws.services.s3.internal.Mimetypes - Setting mime type for extension 'snd' to 'audio/basic'
14:09:49.180 [Test worker] DEBUG com.amazonaws.services.s3.internal.Mimetypes - Ignoring mimetype with no associated file extensions: 'audio/cn'
14:09:49.180 [Test worker] DEBUG com.amazonaws.services.s3.internal.Mimetypes - Ignoring mimetype with no associated file extensions: 'audio/dat12'
14:09:49.180 [Test worker] DEBUG com.amazonaws.services.s3.internal.Mimetypes - Ignoring mimetype with no associated file extensions: 'audio/dsr-es201108'
14:09:49.180 [Test worker] DEBUG com.amazonaws.services.s3.internal.Mimetypes - Ignoring mimetype with no associated file extensions: 'audio/dvi4'
14:09:49.181 [Test worker] DEBUG com.amazonaws.services.s3.internal.Mimetypes - Ignoring mimetype with no associated file extensions: 'audio/evrc'
14:09:49.181 [Test worker] DEBUG com.amazonaws.services.s3.internal.Mimetypes - Ignoring mimetype with no associated file extensions: 'audio/evrc0'
14:09:49.181 [Test worker] DEBUG com.amazonaws.services.s3.internal.Mimetypes - Ignoring mimetype with no associated file extensions: 'audio/g722'
14:09:49.181 [Test worker] DEBUG com.amazonaws.services.s3.internal.Mimetypes - Ignoring mimetype with no associated file extensions: 'audio/g.722.1'
14:09:49.181 [Test worker] DEBUG com.amazonaws.services.s3.internal.Mimetypes - Ignoring mimetype with no associated file extensions: 'audio/g723'
14:09:49.181 [Test worker] DEBUG com.amazonaws.services.s3.internal.Mimetypes - Ignoring mimetype with no associated file extensions: 'audio/g726-16'
14:09:49.181 [Test worker] DEBUG com.amazonaws.services.s3.internal.Mimetypes - Ignoring mimetype with no associated file extensions: 'audio/g726-24'
14:09:49.181 [Test worker] DEBUG com.amazonaws.services.s3.internal.Mimetypes - Ignoring mimetype with no associated file extensions: 'audio/g726-32'
14:09:49.181 [Test worker] DEBUG com.amazonaws.services.s3.internal.Mimetypes - Ignoring mimetype with no associated file extensions: 'audio/g726-40'
14:09:49.182 [Test worker] DEBUG com.amazonaws.services.s3.internal.Mimetypes - Ignoring mimetype with no associated file extensions: 'audio/g728'
14:09:49.182 [Test worker] DEBUG com.amazonaws.services.s3.internal.Mimetypes - Ignoring mimetype with no associated file extensions: 'audio/g729'
14:09:49.182 [Test worker] DEBUG com.amazonaws.services.s3.internal.Mimetypes - Ignoring mimetype with no associated file extensions: 'audio/g729D'
14:09:49.182 [Test worker] DEBUG com.amazonaws.services.s3.internal.Mimetypes - Ignoring mimetype with no associated file extensions: 'audio/g729E'
14:09:49.182 [Test worker] DEBUG com.amazonaws.services.s3.internal.Mimetypes - Ignoring mimetype with no associated file extensions: 'audio/gsm'
14:09:49.182 [Test worker] DEBUG com.amazonaws.services.s3.internal.Mimetypes - Ignoring mimetype with no associated file extensions: 'audio/gsm-efr'
14:09:49.182 [Test worker] DEBUG com.amazonaws.services.s3.internal.Mimetypes - Ignoring mimetype with no associated file extensions: 'audio/l8'
14:09:49.183 [Test worker] DEBUG com.amazonaws.services.s3.internal.Mimetypes - Ignoring mimetype with no associated file extensions: 'audio/l16'
14:09:49.184 [Test worker] DEBUG com.amazonaws.services.s3.internal.Mimetypes - Ignoring mimetype with no associated file extensions: 'audio/l20'
14:09:49.184 [Test worker] DEBUG com.amazonaws.services.s3.internal.Mimetypes - Ignoring mimetype with no associated file extensions: 'audio/l24'
14:09:49.184 [Test worker] DEBUG com.amazonaws.services.s3.internal.Mimetypes - Ignoring mimetype with no associated file extensions: 'audio/lpc'
14:09:49.184 [Test worker] DEBUG com.amazonaws.services.s3.internal.Mimetypes - Setting mime type for extension 'mid' to 'audio/midi'
14:09:49.184 [Test worker] DEBUG com.amazonaws.services.s3.internal.Mimetypes - Setting mime type for extension 'midi' to 'audio/midi'
14:09:49.185 [Test worker] DEBUG com.amazonaws.services.s3.internal.Mimetypes - Setting mime type for extension 'kar' to 'audio/midi'
14:09:49.185 [Test worker] DEBUG com.amazonaws.services.s3.internal.Mimetypes - Ignoring mimetype with no associated file extensions: 'audio/mpa'
14:09:49.185 [Test worker] DEBUG com.amazonaws.services.s3.internal.Mimetypes - Ignoring mimetype with no associated file extensions: 'audio/mpa-robust'
14:09:49.185 [Test worker] DEBUG com.amazonaws.services.s3.internal.Mimetypes - Setting mime type for extension 'm4a' to 'audio/mp4a-latm'
14:09:49.185 [Test worker] DEBUG com.amazonaws.services.s3.internal.Mimetypes - Setting mime type for extension 'm4p' to 'audio/mp4a-latm'
14:09:49.185 [Test worker] DEBUG com.amazonaws.services.s3.internal.Mimetypes - Setting mime type for extension 'mpga' to 'audio/mpeg'
14:09:49.185 [Test worker] DEBUG com.amazonaws.services.s3.internal.Mimetypes - Setting mime type for extension 'mp2' to 'audio/mpeg'
14:09:49.185 [Test worker] DEBUG com.amazonaws.services.s3.internal.Mimetypes - Setting mime type for extension 'mp3' to 'audio/mpeg'
14:09:49.186 [Test worker] DEBUG com.amazonaws.services.s3.internal.Mimetypes - Ignoring mimetype with no associated file extensions: 'audio/parityfec'
14:09:49.186 [Test worker] DEBUG com.amazonaws.services.s3.internal.Mimetypes - Ignoring mimetype with no associated file extensions: 'audio/pcma'
14:09:49.186 [Test worker] DEBUG com.amazonaws.services.s3.internal.Mimetypes - Ignoring mimetype with no associated file extensions: 'audio/pcmu'
14:09:49.186 [Test worker] DEBUG com.amazonaws.services.s3.internal.Mimetypes - Ignoring mimetype with no associated file extensions: 'audio/prs.sid'
14:09:49.186 [Test worker] DEBUG com.amazonaws.services.s3.internal.Mimetypes - Ignoring mimetype with no associated file extensions: 'audio/qcelp'
14:09:49.186 [Test worker] DEBUG com.amazonaws.services.s3.internal.Mimetypes - Ignoring mimetype with no associated file extensions: 'audio/red'
14:09:49.186 [Test worker] DEBUG com.amazonaws.services.s3.internal.Mimetypes - Ignoring mimetype with no associated file extensions: 'audio/smv'
14:09:49.186 [Test worker] DEBUG com.amazonaws.services.s3.internal.Mimetypes - Ignoring mimetype with no associated file extensions: 'audio/smv0'
14:09:49.186 [Test worker] DEBUG com.amazonaws.services.s3.internal.Mimetypes - Ignoring mimetype with no associated file extensions: 'audio/telephone-event'
14:09:49.187 [Test worker] DEBUG com.amazonaws.services.s3.internal.Mimetypes - Ignoring mimetype with no associated file extensions: 'audio/tone'
14:09:49.187 [Test worker] DEBUG com.amazonaws.services.s3.internal.Mimetypes - Ignoring mimetype with no associated file extensions: 'audio/vdvi'
14:09:49.187 [Test worker] DEBUG com.amazonaws.services.s3.internal.Mimetypes - Ignoring mimetype with no associated file extensions: 'audio/vnd.3gpp.iufp'
14:09:49.187 [Test worker] DEBUG com.amazonaws.services.s3.internal.Mimetypes - Ignoring mimetype with no associated file extensions: 'audio/vnd.cisco.nse'
14:09:49.187 [Test worker] DEBUG com.amazonaws.services.s3.internal.Mimetypes - Ignoring mimetype with no associated file extensions: 'audio/vnd.cns.anp1'
14:09:49.187 [Test worker] DEBUG com.amazonaws.services.s3.internal.Mimetypes - Ignoring mimetype with no associated file extensions: 'audio/vnd.cns.inf1'
14:09:49.187 [Test worker] DEBUG com.amazonaws.services.s3.internal.Mimetypes - Ignoring mimetype with no associated file extensions: 'audio/vnd.digital-winds'
14:09:49.188 [Test worker] DEBUG com.amazonaws.services.s3.internal.Mimetypes - Ignoring mimetype with no associated file extensions: 'audio/vnd.everad.plj'
14:09:49.188 [Test worker] DEBUG com.amazonaws.services.s3.internal.Mimetypes - Ignoring mimetype with no associated file extensions: 'audio/vnd.lucent.voice'
14:09:49.188 [Test worker] DEBUG com.amazonaws.services.s3.internal.Mimetypes - Ignoring mimetype with no associated file extensions: 'audio/vnd.nortel.vbk'
14:09:49.188 [Test worker] DEBUG com.amazonaws.services.s3.internal.Mimetypes - Ignoring mimetype with no associated file extensions: 'audio/vnd.nuera.ecelp4800'
14:09:49.188 [Test worker] DEBUG com.amazonaws.services.s3.internal.Mimetypes - Ignoring mimetype with no associated file extensions: 'audio/vnd.nuera.ecelp7470'
14:09:49.188 [Test worker] DEBUG com.amazonaws.services.s3.internal.Mimetypes - Ignoring mimetype with no associated file extensions: 'audio/vnd.nuera.ecelp9600'
14:09:49.188 [Test worker] DEBUG com.amazonaws.services.s3.internal.Mimetypes - Ignoring mimetype with no associated file extensions: 'audio/vnd.octel.sbc'
14:09:49.188 [Test worker] DEBUG com.amazonaws.services.s3.internal.Mimetypes - Ignoring mimetype with no associated file extensions: 'audio/vnd.qcelp'
14:09:49.189 [Test worker] DEBUG com.amazonaws.services.s3.internal.Mimetypes - Ignoring mimetype with no associated file extensions: 'audio/vnd.rhetorex.32kadpcm'
14:09:49.189 [Test worker] DEBUG com.amazonaws.services.s3.internal.Mimetypes - Ignoring mimetype with no associated file extensions: 'audio/vnd.vmx.cvsd'
14:09:49.189 [Test worker] DEBUG com.amazonaws.services.s3.internal.Mimetypes - Setting mime type for extension 'aif' to 'audio/x-aiff'
14:09:49.189 [Test worker] DEBUG com.amazonaws.services.s3.internal.Mimetypes - Setting mime type for extension 'aiff' to 'audio/x-aiff'
14:09:49.189 [Test worker] DEBUG com.amazonaws.services.s3.internal.Mimetypes - Setting mime type for extension 'aifc' to 'audio/x-aiff'
14:09:49.189 [Test worker] DEBUG com.amazonaws.services.s3.internal.Mimetypes - Ignoring mimetype with no associated file extensions: 'audio/x-alaw-basic'
14:09:49.189 [Test worker] DEBUG com.amazonaws.services.s3.internal.Mimetypes - Setting mime type for extension 'm3u' to 'audio/x-mpegurl'
14:09:49.190 [Test worker] DEBUG com.amazonaws.services.s3.internal.Mimetypes - Setting mime type for extension 'ram' to 'audio/x-pn-realaudio'
14:09:49.190 [Test worker] DEBUG com.amazonaws.services.s3.internal.Mimetypes - Setting mime type for extension 'ra' to 'audio/x-pn-realaudio'
14:09:49.190 [Test worker] DEBUG com.amazonaws.services.s3.internal.Mimetypes - Ignoring mimetype with no associated file extensions: 'audio/x-pn-realaudio-plugin'
14:09:49.190 [Test worker] DEBUG com.amazonaws.services.s3.internal.Mimetypes - Setting mime type for extension 'wav' to 'audio/x-wav'
14:09:49.190 [Test worker] DEBUG com.amazonaws.services.s3.internal.Mimetypes - Setting mime type for extension 'pdb' to 'chemical/x-pdb'
14:09:49.190 [Test worker] DEBUG com.amazonaws.services.s3.internal.Mimetypes - Setting mime type for extension 'xyz' to 'chemical/x-xyz'
14:09:49.190 [Test worker] DEBUG com.amazonaws.services.s3.internal.Mimetypes - Setting mime type for extension 'bmp' to 'image/bmp'
14:09:49.190 [Test worker] DEBUG com.amazonaws.services.s3.internal.Mimetypes - Setting mime type for extension 'cgm' to 'image/cgm'
14:09:49.190 [Test worker] DEBUG com.amazonaws.services.s3.internal.Mimetypes - Ignoring mimetype with no associated file extensions: 'image/g3fax'
14:09:49.190 [Test worker] DEBUG com.amazonaws.services.s3.internal.Mimetypes - Setting mime type for extension 'gif' to 'image/gif'
14:09:49.191 [Test worker] DEBUG com.amazonaws.services.s3.internal.Mimetypes - Setting mime type for extension 'ief' to 'image/ief'
14:09:49.191 [Test worker] DEBUG com.amazonaws.services.s3.internal.Mimetypes - Setting mime type for extension 'jpeg' to 'image/jpeg'
14:09:49.191 [Test worker] DEBUG com.amazonaws.services.s3.internal.Mimetypes - Setting mime type for extension 'jpg' to 'image/jpeg'
14:09:49.191 [Test worker] DEBUG com.amazonaws.services.s3.internal.Mimetypes - Setting mime type for extension 'jpe' to 'image/jpeg'
14:09:49.191 [Test worker] DEBUG com.amazonaws.services.s3.internal.Mimetypes - Setting mime type for extension 'jp2' to 'image/jp2'
14:09:49.191 [Test worker] DEBUG com.amazonaws.services.s3.internal.Mimetypes - Ignoring mimetype with no associated file extensions: 'image/naplps'
14:09:49.191 [Test worker] DEBUG com.amazonaws.services.s3.internal.Mimetypes - Setting mime type for extension 'pict' to 'image/pict'
14:09:49.191 [Test worker] DEBUG com.amazonaws.services.s3.internal.Mimetypes - Setting mime type for extension 'pic' to 'image/pict'
14:09:49.191 [Test worker] DEBUG com.amazonaws.services.s3.internal.Mimetypes - Setting mime type for extension 'pct' to 'image/pict'
14:09:49.191 [Test worker] DEBUG com.amazonaws.services.s3.internal.Mimetypes - Setting mime type for extension 'png' to 'image/png'
14:09:49.192 [Test worker] DEBUG com.amazonaws.services.s3.internal.Mimetypes - Ignoring mimetype with no associated file extensions: 'image/prs.btif'
14:09:49.192 [Test worker] DEBUG com.amazonaws.services.s3.internal.Mimetypes - Ignoring mimetype with no associated file extensions: 'image/prs.pti'
14:09:49.192 [Test worker] DEBUG com.amazonaws.services.s3.internal.Mimetypes - Setting mime type for extension 'svg' to 'image/svg+xml'
14:09:49.192 [Test worker] DEBUG com.amazonaws.services.s3.internal.Mimetypes - Ignoring mimetype with no associated file extensions: 'image/t38'
14:09:49.192 [Test worker] DEBUG com.amazonaws.services.s3.internal.Mimetypes - Setting mime type for extension 'tiff' to 'image/tiff'
14:09:49.192 [Test worker] DEBUG com.amazonaws.services.s3.internal.Mimetypes - Setting mime type for extension 'tif' to 'image/tiff'
14:09:49.192 [Test worker] DEBUG com.amazonaws.services.s3.internal.Mimetypes - Ignoring mimetype with no associated file extensions: 'image/tiff-fx'
14:09:49.192 [Test worker] DEBUG com.amazonaws.services.s3.internal.Mimetypes - Ignoring mimetype with no associated file extensions: 'image/vnd.cns.inf2'
14:09:49.192 [Test worker] DEBUG com.amazonaws.services.s3.internal.Mimetypes - Setting mime type for extension 'djvu' to 'image/vnd.djvu'
14:09:49.193 [Test worker] DEBUG com.amazonaws.services.s3.internal.Mimetypes - Setting mime type for extension 'djv' to 'image/vnd.djvu'
14:09:49.193 [Test worker] DEBUG com.amazonaws.services.s3.internal.Mimetypes - Ignoring mimetype with no associated file extensions: 'image/vnd.dwg'
14:09:49.193 [Test worker] DEBUG com.amazonaws.services.s3.internal.Mimetypes - Ignoring mimetype with no associated file extensions: 'image/vnd.dxf'
14:09:49.193 [Test worker] DEBUG com.amazonaws.services.s3.internal.Mimetypes - Ignoring mimetype with no associated file extensions: 'image/vnd.fastbidsheet'
14:09:49.193 [Test worker] DEBUG com.amazonaws.services.s3.internal.Mimetypes - Ignoring mimetype with no associated file extensions: 'image/vnd.fpx'
14:09:49.193 [Test worker] DEBUG com.amazonaws.services.s3.internal.Mimetypes - Ignoring mimetype with no associated file extensions: 'image/vnd.fst'
14:09:49.194 [Test worker] DEBUG com.amazonaws.services.s3.internal.Mimetypes - Ignoring mimetype with no associated file extensions: 'image/vnd.fujixerox.edmics-mmr'
[...]
14:09:52.854 [Test worker] DEBUG com.amazonaws.http.conn.ssl.SdkTLSSocketFactory - TLS protocol enabled for SSL handshake: [TLSv1.2, TLSv1.1, TLSv1]
14:09:52.854 [Test worker] DEBUG com.amazonaws.http.conn.ssl.SdkTLSSocketFactory - Starting handshake
14:09:53.022 [Test worker] DEBUG com.amazonaws.http.conn.ssl.SdkTLSSocketFactory - Secure session established
14:09:53.022 [Test worker] DEBUG com.amazonaws.http.conn.ssl.SdkTLSSocketFactory -  negotiated protocol: TLSv1.2
14:09:53.022 [Test worker] DEBUG com.amazonaws.http.conn.ssl.SdkTLSSocketFactory -  negotiated cipher suite: TLS_ECDHE_RSA_WITH_AES_128_GCM_SHA256
14:09:53.022 [Test worker] DEBUG com.amazonaws.http.conn.ssl.SdkTLSSocketFactory -  peer principal: CN=*.s3.amazonaws.com, O=Amazon.com Inc., L=Seattle, ST=Washington, C=US
14:09:53.022 [Test worker] DEBUG com.amazonaws.http.conn.ssl.SdkTLSSocketFactory -  peer alternative names: [*.s3.amazonaws.com, s3.amazonaws.com]
14:09:53.022 [Test worker] DEBUG com.amazonaws.http.conn.ssl.SdkTLSSocketFactory -  issuer principal: CN=DigiCert Baltimore CA-2 G2, OU=www.digicert.com, O=DigiCert Inc, C=US
14:09:53.023 [Test worker] DEBUG com.amazonaws.internal.SdkSSLSocket - created: acom-emp-work-878616621923-us-east-1.s3.amazonaws.com/52.216.161.179:443
14:09:53.023 [Test worker] DEBUG org.apache.http.impl.conn.DefaultHttpClientConnectionOperator - Connection established 10.129.132.72:54711<->52.216.161.179:443
14:09:53.023 [Test worker] DEBUG org.apache.http.impl.conn.DefaultManagedHttpClientConnection - http-outgoing-3: set socket timeout to 50000
14:09:53.023 [Test worker] DEBUG org.apache.http.impl.execchain.MainClientExec - Executing request PUT /cshearer/42eda7b4-6dcf-48c9-8343-eb2cdf442e98.txt HTTP/1.1
14:09:53.023 [Test worker] DEBUG org.apache.http.impl.execchain.MainClientExec - Proxy auth state: UNCHALLENGED
14:09:53.024 [Test worker] DEBUG org.apache.http.headers - http-outgoing-3 >> PUT /cshearer/42eda7b4-6dcf-48c9-8343-eb2cdf442e98.txt HTTP/1.1
14:09:53.024 [Test worker] DEBUG org.apache.http.headers - http-outgoing-3 >> Host: acom-emp-work-878616621923-us-east-1.s3.amazonaws.com
14:09:53.024 [Test worker] DEBUG org.apache.http.headers - http-outgoing-3 >> x-amz-content-sha256: UNSIGNED-PAYLOAD
14:09:53.024 [Test worker] DEBUG org.apache.http.headers - http-outgoing-3 >> Authorization: AWS4-HMAC-SHA256 Credential=ASIAIKCCPU2WVLTNTTLA/20180530/us-east-1/s3/aws4_request, SignedHeaders=amz-sdk-invocation-id;amz-sdk-retry;content-length;content-type;host;user-agent;x-amz-content-sha256;x-amz-date;x-amz-security-token, Signature=aad4e785440da5c882115ebdde1eaa3a2636096c9889c766d522f6f8bb2720e7
14:09:53.024 [Test worker] DEBUG org.apache.http.headers - http-outgoing-3 >> X-Amz-Date: 20180530T210952Z
14:09:53.024 [Test worker] DEBUG org.apache.http.headers - http-outgoing-3 >> User-Agent: aws-sdk-java/1.11.338 Mac_OS_X/10.13.3 Java_HotSpot(TM)_64-Bit_Server_VM/25.171-b11 java/1.8.0_171
14:09:53.025 [Test worker] DEBUG org.apache.http.headers - http-outgoing-3 >> X-Amz-Security-Token: FQoDYXdzEPb//////////wEaDI3SsddrCBSkjx3J6yL+AasgTEGqi0Nj6zLTdtD/sSiR6v+ooJEgPpG5usbrB33SCHsapHwMXlzFpTIDOWsCOo6BY34qsNHKwbBN3yavnbxebLAe2R2VE450/MdSpemWc5H79U19FfBJgTRaIjz0x2LN+6AZAzu0rUQWp6xrmh+HoiEyBubR9JkA9I2P3HlxmJ5ibA0gZBZ+vp1n5k5A1REDzxE9ngjVaZ+QwKWsjbGA9kbZlWtl/Pp0bibsk6IDoGfx2TLSKbKnG73yA1ayVOXdsrF8Qz/JQdX7jI8RTyETrwpBL8HqvM0z/bVKrmp4F0CscMpDyHG2N4UGq5qnJW8Hjl5fHlYg359Uo4GWKKCmvNgF
14:09:53.025 [Test worker] DEBUG org.apache.http.headers - http-outgoing-3 >> amz-sdk-invocation-id: eaa73928-0f6f-d539-ac44-3a240e026cdf
14:09:53.025 [Test worker] DEBUG org.apache.http.headers - http-outgoing-3 >> amz-sdk-retry: 0/0/500
14:09:53.025 [Test worker] DEBUG org.apache.http.headers - http-outgoing-3 >> Content-Type: application/octet-stream
14:09:53.025 [Test worker] DEBUG org.apache.http.headers - http-outgoing-3 >> Content-Length: 0
14:09:53.025 [Test worker] DEBUG org.apache.http.headers - http-outgoing-3 >> Connection: Keep-Alive
14:09:53.025 [Test worker] DEBUG org.apache.http.wire - http-outgoing-3 >> "PUT /cshearer/42eda7b4-6dcf-48c9-8343-eb2cdf442e98.txt HTTP/1.1[\r][\n]"
14:09:53.025 [Test worker] DEBUG org.apache.http.wire - http-outgoing-3 >> "Host: acom-emp-work-878616621923-us-east-1.s3.amazonaws.com[\r][\n]"
14:09:53.025 [Test worker] DEBUG org.apache.http.wire - http-outgoing-3 >> "x-amz-content-sha256: UNSIGNED-PAYLOAD[\r][\n]"
14:09:53.025 [Test worker] DEBUG org.apache.http.wire - http-outgoing-3 >> "Authorization: AWS4-HMAC-SHA256 Credential=ASIAIKCCPU2WVLTNTTLA/20180530/us-east-1/s3/aws4_request, SignedHeaders=amz-sdk-invocation-id;amz-sdk-retry;content-length;content-type;host;user-agent;x-amz-content-sha256;x-amz-date;x-amz-security-token, Signature=aad4e785440da5c882115ebdde1eaa3a2636096c9889c766d522f6f8bb2720e7[\r][\n]"
14:09:53.025 [Test worker] DEBUG org.apache.http.wire - http-outgoing-3 >> "X-Amz-Date: 20180530T210952Z[\r][\n]"
14:09:53.025 [Test worker] DEBUG org.apache.http.wire - http-outgoing-3 >> "User-Agent: aws-sdk-java/1.11.338 Mac_OS_X/10.13.3 Java_HotSpot(TM)_64-Bit_Server_VM/25.171-b11 java/1.8.0_171[\r][\n]"
14:09:53.025 [Test worker] DEBUG org.apache.http.wire - http-outgoing-3 >> "X-Amz-Security-Token: FQoDYXdzEPb//////////wEaDI3SsddrCBSkjx3J6yL+AasgTEGqi0Nj6zLTdtD/sSiR6v+ooJEgPpG5usbrB33SCHsapHwMXlzFpTIDOWsCOo6BY34qsNHKwbBN3yavnbxebLAe2R2VE450/MdSpemWc5H79U19FfBJgTRaIjz0x2LN+6AZAzu0rUQWp6xrmh+HoiEyBubR9JkA9I2P3HlxmJ5ibA0gZBZ+vp1n5k5A1REDzxE9ngjVaZ+QwKWsjbGA9kbZlWtl/Pp0bibsk6IDoGfx2TLSKbKnG73yA1ayVOXdsrF8Qz/JQdX7jI8RTyETrwpBL8HqvM0z/bVKrmp4F0CscMpDyHG2N4UGq5qnJW8Hjl5fHlYg359Uo4GWKKCmvNgF[\r][\n]"
14:09:53.026 [Test worker] DEBUG org.apache.http.wire - http-outgoing-3 >> "amz-sdk-invocation-id: eaa73928-0f6f-d539-ac44-3a240e026cdf[\r][\n]"
14:09:53.026 [Test worker] DEBUG org.apache.http.wire - http-outgoing-3 >> "amz-sdk-retry: 0/0/500[\r][\n]"
14:09:53.026 [Test worker] DEBUG org.apache.http.wire - http-outgoing-3 >> "Content-Type: application/octet-stream[\r][\n]"
14:09:53.026 [Test worker] DEBUG org.apache.http.wire - http-outgoing-3 >> "Content-Length: 0[\r][\n]"
14:09:53.026 [Test worker] DEBUG org.apache.http.wire - http-outgoing-3 >> "Connection: Keep-Alive[\r][\n]"
14:09:53.026 [Test worker] DEBUG org.apache.http.wire - http-outgoing-3 >> "[\r][\n]"
14:09:53.132 [Test worker] DEBUG org.apache.http.wire - http-outgoing-3 << "HTTP/1.1 200 OK[\r][\n]"
14:09:53.132 [Test worker] DEBUG org.apache.http.wire - http-outgoing-3 << "x-amz-id-2: Wf9Se8BfzY5HCAOSm+hVRqyOYoYYe3tdUfBb4hPoEeG9jTxA3LcSXJoGrcltKjKqVu0urc/TdZc=[\r][\n]"
14:09:53.132 [Test worker] DEBUG org.apache.http.wire - http-outgoing-3 << "x-amz-request-id: 6700DE838EA8AAB9[\r][\n]"
14:09:53.132 [Test worker] DEBUG org.apache.http.wire - http-outgoing-3 << "Date: Wed, 30 May 2018 21:09:54 GMT[\r][\n]"
14:09:53.132 [Test worker] DEBUG org.apache.http.wire - http-outgoing-3 << "ETag: "d41d8cd98f00b204e9800998ecf8427e"[\r][\n]"
14:09:53.133 [Test worker] DEBUG org.apache.http.wire - http-outgoing-3 << "Content-Length: 0[\r][\n]"
14:09:53.133 [Test worker] DEBUG org.apache.http.wire - http-outgoing-3 << "Server: AmazonS3[\r][\n]"
14:09:53.133 [Test worker] DEBUG org.apache.http.wire - http-outgoing-3 << "[\r][\n]"
14:09:53.133 [Test worker] DEBUG org.apache.http.headers - http-outgoing-3 << HTTP/1.1 200 OK
14:09:53.133 [Test worker] DEBUG org.apache.http.headers - http-outgoing-3 << x-amz-id-2: Wf9Se8BfzY5HCAOSm+hVRqyOYoYYe3tdUfBb4hPoEeG9jTxA3LcSXJoGrcltKjKqVu0urc/TdZc=
14:09:53.133 [Test worker] DEBUG org.apache.http.headers - http-outgoing-3 << x-amz-request-id: 6700DE838EA8AAB9
14:09:53.133 [Test worker] DEBUG org.apache.http.headers - http-outgoing-3 << Date: Wed, 30 May 2018 21:09:54 GMT
14:09:53.133 [Test worker] DEBUG org.apache.http.headers - http-outgoing-3 << ETag: "d41d8cd98f00b204e9800998ecf8427e"
14:09:53.133 [Test worker] DEBUG org.apache.http.headers - http-outgoing-3 << Content-Length: 0
14:09:53.133 [Test worker] DEBUG org.apache.http.headers - http-outgoing-3 << Server: AmazonS3
14:09:53.133 [Test worker] DEBUG org.apache.http.impl.execchain.MainClientExec - Connection can be kept alive for 60000 MILLISECONDS
14:09:53.134 [Test worker] DEBUG org.apache.http.impl.conn.PoolingHttpClientConnectionManager - Connection [id: 3][route: {s}->https://acom-emp-work-878616621923-us-east-1.s3.amazonaws.com:443] can be kept alive for 60.0 seconds
14:09:53.134 [Test worker] DEBUG org.apache.http.impl.conn.PoolingHttpClientConnectionManager - Connection released: [id: 3][route: {s}->https://acom-emp-work-878616621923-us-east-1.s3.amazonaws.com:443][total kept alive: 1; route allocated: 1 of 50; total allocated: 1 of 50]
14:09:53.134 [Test worker] DEBUG com.amazonaws.request - Received successful response: 200, AWS Request ID: 6700DE838EA8AAB9
14:09:53.134 [Test worker] DEBUG com.amazonaws.requestId - x-amzn-RequestId: not available
14:09:53.134 [Test worker] DEBUG com.amazonaws.requestId - AWS Request ID: 6700DE838EA8AAB9
14:09:53.135 [Test worker] DEBUG com.amazonaws.request - Sending Request: GET https://acom-emp-work-878616621923-us-east-1.s3.amazonaws.com /cshearer/42eda7b4-6dcf-48c9-8343-eb2cdf442e98.txt Headers: (User-Agent: aws-sdk-java/1.11.338 Mac_OS_X/10.13.3 Java_HotSpot(TM)_64-Bit_Server_VM/25.171-b11 java/1.8.0_171, amz-sdk-invocation-id: d8972396-144d-b7f5-8dce-44d42015d5f9, Content-Type: application/octet-stream, ) 
14:09:53.135 [Test worker] DEBUG com.amazonaws.auth.AWS4Signer - AWS4 Canonical Request: '"GET
/cshearer/42eda7b4-6dcf-48c9-8343-eb2cdf442e98.txt

amz-sdk-invocation-id:d8972396-144d-b7f5-8dce-44d42015d5f9
amz-sdk-retry:0/0/500
content-type:application/octet-stream
host:acom-emp-work-878616621923-us-east-1.s3.amazonaws.com
user-agent:aws-sdk-java/1.11.338 Mac_OS_X/10.13.3 Java_HotSpot(TM)_64-Bit_Server_VM/25.171-b11 java/1.8.0_171
x-amz-content-sha256:UNSIGNED-PAYLOAD
x-amz-date:20180530T210953Z
x-amz-security-token:FQoDYXdzEPb//////////wEaDI3SsddrCBSkjx3J6yL+AasgTEGqi0Nj6zLTdtD/sSiR6v+ooJEgPpG5usbrB33SCHsapHwMXlzFpTIDOWsCOo6BY34qsNHKwbBN3yavnbxebLAe2R2VE450/MdSpemWc5H79U19FfBJgTRaIjz0x2LN+6AZAzu0rUQWp6xrmh+HoiEyBubR9JkA9I2P3HlxmJ5ibA0gZBZ+vp1n5k5A1REDzxE9ngjVaZ+QwKWsjbGA9kbZlWtl/Pp0bibsk6IDoGfx2TLSKbKnG73yA1ayVOXdsrF8Qz/JQdX7jI8RTyETrwpBL8HqvM0z/bVKrmp4F0CscMpDyHG2N4UGq5qnJW8Hjl5fHlYg359Uo4GWKKCmvNgF

amz-sdk-invocation-id;amz-sdk-retry;content-type;host;user-agent;x-amz-content-sha256;x-amz-date;x-amz-security-token
UNSIGNED-PAYLOAD"
14:09:53.136 [Test worker] DEBUG com.amazonaws.auth.AWS4Signer - AWS4 String to Sign: '"AWS4-HMAC-SHA256
20180530T210953Z
20180530/us-east-1/s3/aws4_request
b353a584f10dd844dceb81464d6dbfb1a5718808cabf58c1a832b7f3a1f91f04"
14:09:53.137 [Test worker] DEBUG org.apache.http.client.protocol.RequestAddCookies - CookieSpec selected: default
14:09:53.137 [Test worker] DEBUG org.apache.http.client.protocol.RequestAuthCache - Auth cache not set in the context
14:09:53.137 [Test worker] DEBUG org.apache.http.impl.conn.PoolingHttpClientConnectionManager - Connection request: [route: {s}->https://acom-emp-work-878616621923-us-east-1.s3.amazonaws.com:443][total kept alive: 1; route allocated: 1 of 50; total allocated: 1 of 50]
14:09:53.137 [Test worker] DEBUG org.apache.http.impl.conn.PoolingHttpClientConnectionManager - Connection leased: [id: 3][route: {s}->https://acom-emp-work-878616621923-us-east-1.s3.amazonaws.com:443][total kept alive: 0; route allocated: 1 of 50; total allocated: 1 of 50]
14:09:53.137 [Test worker] DEBUG org.apache.http.impl.conn.DefaultManagedHttpClientConnection - http-outgoing-3: set socket timeout to 50000
14:09:53.137 [Test worker] DEBUG org.apache.http.impl.execchain.MainClientExec - Executing request GET /cshearer/42eda7b4-6dcf-48c9-8343-eb2cdf442e98.txt HTTP/1.1
14:09:53.137 [Test worker] DEBUG org.apache.http.impl.execchain.MainClientExec - Proxy auth state: UNCHALLENGED
14:09:53.138 [Test worker] DEBUG org.apache.http.headers - http-outgoing-3 >> GET /cshearer/42eda7b4-6dcf-48c9-8343-eb2cdf442e98.txt HTTP/1.1
14:09:53.138 [Test worker] DEBUG org.apache.http.headers - http-outgoing-3 >> Host: acom-emp-work-878616621923-us-east-1.s3.amazonaws.com
14:09:53.138 [Test worker] DEBUG org.apache.http.headers - http-outgoing-3 >> x-amz-content-sha256: UNSIGNED-PAYLOAD
14:09:53.138 [Test worker] DEBUG org.apache.http.headers - http-outgoing-3 >> Authorization: AWS4-HMAC-SHA256 Credential=ASIAIKCCPU2WVLTNTTLA/20180530/us-east-1/s3/aws4_request, SignedHeaders=amz-sdk-invocation-id;amz-sdk-retry;content-type;host;user-agent;x-amz-content-sha256;x-amz-date;x-amz-security-token, Signature=475a3563d5770b329441670d293e3664d01a66bb2041ab5a7629ca6355225cab
14:09:53.138 [Test worker] DEBUG org.apache.http.headers - http-outgoing-3 >> X-Amz-Date: 20180530T210953Z
14:09:53.138 [Test worker] DEBUG org.apache.http.headers - http-outgoing-3 >> User-Agent: aws-sdk-java/1.11.338 Mac_OS_X/10.13.3 Java_HotSpot(TM)_64-Bit_Server_VM/25.171-b11 java/1.8.0_171
14:09:53.138 [Test worker] DEBUG org.apache.http.headers - http-outgoing-3 >> X-Amz-Security-Token: FQoDYXdzEPb//////////wEaDI3SsddrCBSkjx3J6yL+AasgTEGqi0Nj6zLTdtD/sSiR6v+ooJEgPpG5usbrB33SCHsapHwMXlzFpTIDOWsCOo6BY34qsNHKwbBN3yavnbxebLAe2R2VE450/MdSpemWc5H79U19FfBJgTRaIjz0x2LN+6AZAzu0rUQWp6xrmh+HoiEyBubR9JkA9I2P3HlxmJ5ibA0gZBZ+vp1n5k5A1REDzxE9ngjVaZ+QwKWsjbGA9kbZlWtl/Pp0bibsk6IDoGfx2TLSKbKnG73yA1ayVOXdsrF8Qz/JQdX7jI8RTyETrwpBL8HqvM0z/bVKrmp4F0CscMpDyHG2N4UGq5qnJW8Hjl5fHlYg359Uo4GWKKCmvNgF
14:09:53.138 [Test worker] DEBUG org.apache.http.headers - http-outgoing-3 >> amz-sdk-invocation-id: d8972396-144d-b7f5-8dce-44d42015d5f9
14:09:53.138 [Test worker] DEBUG org.apache.http.headers - http-outgoing-3 >> amz-sdk-retry: 0/0/500
14:09:53.138 [Test worker] DEBUG org.apache.http.headers - http-outgoing-3 >> Content-Type: application/octet-stream
14:09:53.138 [Test worker] DEBUG org.apache.http.headers - http-outgoing-3 >> Content-Length: 0
14:09:53.138 [Test worker] DEBUG org.apache.http.headers - http-outgoing-3 >> Connection: Keep-Alive
14:09:53.138 [Test worker] DEBUG org.apache.http.wire - http-outgoing-3 >> "GET /cshearer/42eda7b4-6dcf-48c9-8343-eb2cdf442e98.txt HTTP/1.1[\r][\n]"
14:09:53.138 [Test worker] DEBUG org.apache.http.wire - http-outgoing-3 >> "Host: acom-emp-work-878616621923-us-east-1.s3.amazonaws.com[\r][\n]"
14:09:53.138 [Test worker] DEBUG org.apache.http.wire - http-outgoing-3 >> "x-amz-content-sha256: UNSIGNED-PAYLOAD[\r][\n]"
14:09:53.138 [Test worker] DEBUG org.apache.http.wire - http-outgoing-3 >> "Authorization: AWS4-HMAC-SHA256 Credential=ASIAIKCCPU2WVLTNTTLA/20180530/us-east-1/s3/aws4_request, SignedHeaders=amz-sdk-invocation-id;amz-sdk-retry;content-type;host;user-agent;x-amz-content-sha256;x-amz-date;x-amz-security-token, Signature=475a3563d5770b329441670d293e3664d01a66bb2041ab5a7629ca6355225cab[\r][\n]"
14:09:53.138 [Test worker] DEBUG org.apache.http.wire - http-outgoing-3 >> "X-Amz-Date: 20180530T210953Z[\r][\n]"
14:09:53.139 [Test worker] DEBUG org.apache.http.wire - http-outgoing-3 >> "User-Agent: aws-sdk-java/1.11.338 Mac_OS_X/10.13.3 Java_HotSpot(TM)_64-Bit_Server_VM/25.171-b11 java/1.8.0_171[\r][\n]"
14:09:53.139 [Test worker] DEBUG org.apache.http.wire - http-outgoing-3 >> "X-Amz-Security-Token: FQoDYXdzEPb//////////wEaDI3SsddrCBSkjx3J6yL+AasgTEGqi0Nj6zLTdtD/sSiR6v+ooJEgPpG5usbrB33SCHsapHwMXlzFpTIDOWsCOo6BY34qsNHKwbBN3yavnbxebLAe2R2VE450/MdSpemWc5H79U19FfBJgTRaIjz0x2LN+6AZAzu0rUQWp6xrmh+HoiEyBubR9JkA9I2P3HlxmJ5ibA0gZBZ+vp1n5k5A1REDzxE9ngjVaZ+QwKWsjbGA9kbZlWtl/Pp0bibsk6IDoGfx2TLSKbKnG73yA1ayVOXdsrF8Qz/JQdX7jI8RTyETrwpBL8HqvM0z/bVKrmp4F0CscMpDyHG2N4UGq5qnJW8Hjl5fHlYg359Uo4GWKKCmvNgF[\r][\n]"
14:09:53.139 [Test worker] DEBUG org.apache.http.wire - http-outgoing-3 >> "amz-sdk-invocation-id: d8972396-144d-b7f5-8dce-44d42015d5f9[\r][\n]"
14:09:53.139 [Test worker] DEBUG org.apache.http.wire - http-outgoing-3 >> "amz-sdk-retry: 0/0/500[\r][\n]"
14:09:53.139 [Test worker] DEBUG org.apache.http.wire - http-outgoing-3 >> "Content-Type: application/octet-stream[\r][\n]"
14:09:53.139 [Test worker] DEBUG org.apache.http.wire - http-outgoing-3 >> "Content-Length: 0[\r][\n]"
14:09:53.139 [Test worker] DEBUG org.apache.http.wire - http-outgoing-3 >> "Connection: Keep-Alive[\r][\n]"
14:09:53.139 [Test worker] DEBUG org.apache.http.wire - http-outgoing-3 >> "[\r][\n]"
14:09:53.223 [Test worker] DEBUG org.apache.http.wire - http-outgoing-3 << "HTTP/1.1 200 OK[\r][\n]"
14:09:53.223 [Test worker] DEBUG org.apache.http.wire - http-outgoing-3 << "x-amz-id-2: h0ko4MwjgkV1BSrmVQeg0f6RRCHpOAjo/rmHuBZ7e9x6SF306sA0bfn5QcXfDyr/JgYK9Ueu+CE=[\r][\n]"
14:09:53.223 [Test worker] DEBUG org.apache.http.wire - http-outgoing-3 << "x-amz-request-id: 95724E4735CAA1C3[\r][\n]"
14:09:53.223 [Test worker] DEBUG org.apache.http.wire - http-outgoing-3 << "Date: Wed, 30 May 2018 21:09:54 GMT[\r][\n]"
14:09:53.223 [Test worker] DEBUG org.apache.http.wire - http-outgoing-3 << "Last-Modified: Wed, 30 May 2018 21:09:54 GMT[\r][\n]"
14:09:53.224 [Test worker] DEBUG org.apache.http.wire - http-outgoing-3 << "ETag: "d41d8cd98f00b204e9800998ecf8427e"[\r][\n]"
14:09:53.224 [Test worker] DEBUG org.apache.http.wire - http-outgoing-3 << "x-amz-version-id: null[\r][\n]"
14:09:53.224 [Test worker] DEBUG org.apache.http.wire - http-outgoing-3 << "Accept-Ranges: bytes[\r][\n]"
14:09:53.224 [Test worker] DEBUG org.apache.http.wire - http-outgoing-3 << "Content-Type: application/octet-stream[\r][\n]"
14:09:53.224 [Test worker] DEBUG org.apache.http.wire - http-outgoing-3 << "Content-Length: 0[\r][\n]"
14:09:53.224 [Test worker] DEBUG org.apache.http.wire - http-outgoing-3 << "Server: AmazonS3[\r][\n]"
14:09:53.224 [Test worker] DEBUG org.apache.http.wire - http-outgoing-3 << "[\r][\n]"
14:09:53.224 [Test worker] DEBUG org.apache.http.headers - http-outgoing-3 << HTTP/1.1 200 OK
14:09:53.224 [Test worker] DEBUG org.apache.http.headers - http-outgoing-3 << x-amz-id-2: h0ko4MwjgkV1BSrmVQeg0f6RRCHpOAjo/rmHuBZ7e9x6SF306sA0bfn5QcXfDyr/JgYK9Ueu+CE=
14:09:53.224 [Test worker] DEBUG org.apache.http.headers - http-outgoing-3 << x-amz-request-id: 95724E4735CAA1C3
14:09:53.224 [Test worker] DEBUG org.apache.http.headers - http-outgoing-3 << Date: Wed, 30 May 2018 21:09:54 GMT
14:09:53.224 [Test worker] DEBUG org.apache.http.headers - http-outgoing-3 << Last-Modified: Wed, 30 May 2018 21:09:54 GMT
14:09:53.224 [Test worker] DEBUG org.apache.http.headers - http-outgoing-3 << ETag: "d41d8cd98f00b204e9800998ecf8427e"
14:09:53.224 [Test worker] DEBUG org.apache.http.headers - http-outgoing-3 << x-amz-version-id: null
14:09:53.224 [Test worker] DEBUG org.apache.http.headers - http-outgoing-3 << Accept-Ranges: bytes
14:09:53.224 [Test worker] DEBUG org.apache.http.headers - http-outgoing-3 << Content-Type: application/octet-stream
14:09:53.224 [Test worker] DEBUG org.apache.http.headers - http-outgoing-3 << Content-Length: 0
14:09:53.224 [Test worker] DEBUG org.apache.http.headers - http-outgoing-3 << Server: AmazonS3
14:09:53.225 [Test worker] DEBUG org.apache.http.impl.execchain.MainClientExec - Connection can be kept alive for 60000 MILLISECONDS
14:09:53.225 [Test worker] DEBUG org.apache.http.impl.conn.PoolingHttpClientConnectionManager - Connection [id: 3][route: {s}->https://acom-emp-work-878616621923-us-east-1.s3.amazonaws.com:443] can be kept alive for 60.0 seconds
14:09:53.225 [Test worker] DEBUG org.apache.http.impl.conn.PoolingHttpClientConnectionManager - Connection released: [id: 3][route: {s}->https://acom-emp-work-878616621923-us-east-1.s3.amazonaws.com:443][total kept alive: 1; route allocated: 1 of 50; total allocated: 1 of 50]
14:09:53.226 [Test worker] DEBUG com.amazonaws.request - Received successful response: 200, AWS Request ID: 95724E4735CAA1C3
14:09:53.226 [Test worker] DEBUG com.amazonaws.requestId - x-amzn-RequestId: not available
14:09:53.226 [Test worker] DEBUG com.amazonaws.requestId - AWS Request ID: 95724E4735CAA1C3
TEARING DOWN...
]]></system-out>
  <system-err><![CDATA[]]></system-err>
</testsuite>
